0 verbose cli [ '/usr/bin/node', '/usr/bin/npm', 'i', 'ng-cli' ]
1 info using npm@8.5.1
2 info using node@v12.22.9
3 timing npm:load:whichnode Completed in 0ms
4 timing config:load:defaults Completed in 2ms
5 timing config:load:file:/usr/share/nodejs/npm/npmrc Completed in 17ms
6 timing config:load:builtin Completed in 17ms
7 timing config:load:cli Completed in 2ms
8 timing config:load:env Completed in 0ms
9 timing config:load:project Completed in 2ms
10 timing config:load:file:/root/.npmrc Completed in 0ms
11 timing config:load:user Completed in 0ms
12 timing config:load:file:/etc/npmrc Completed in 0ms
13 timing config:load:global Completed in 0ms
14 timing config:load:validate Completed in 1ms
15 timing config:load:credentials Completed in 1ms
16 timing config:load:setEnvs Completed in 1ms
17 timing config:load Completed in 26ms
18 timing npm:load:configload Completed in 26ms
19 timing npm:load:setTitle Completed in 1ms
20 timing config:load:flatten Completed in 5ms
21 timing npm:load:display Completed in 8ms
22 verbose logfile /root/.npm/_logs/2023-02-16T09_49_27_938Z-debug-0.log
23 timing npm:load:logFile Completed in 7ms
24 timing npm:load:timers Completed in 0ms
25 timing npm:load:configScope Completed in 0ms
26 timing npm:load Completed in 44ms
27 timing arborist:ctor Completed in 1ms
28 silly logfile start cleaning logs, removing 1 files
29 timing idealTree:init Completed in 124ms
30 timing idealTree:userRequests Completed in 3ms
31 silly idealTree buildDeps
32 silly fetch manifest ng-cli@^0.7.0
33 timing arborist:ctor Completed in 0ms
34 http fetch GET 200 https://registry.npmjs.org/ng-cli 185ms (cache miss)
35 silly placeDep ROOT ng-cli@0.7.0 REPLACE for:  want: ^0.7.0
36 timing idealTree:#root Completed in 207ms
37 timing idealTree:node_modules/ng-cli Completed in 0ms
38 timing idealTree:buildDeps Completed in 209ms
39 timing idealTree:fixDepFlags Completed in 2ms
40 timing idealTree Completed in 340ms
41 timing reify:loadTrees Completed in 343ms
42 timing reify:diffTrees Completed in 5ms
43 silly reify moves {}
44 timing reify:retireShallow Completed in 0ms
45 timing reify:createSparse Completed in 0ms
46 timing reify:loadBundles Completed in 0ms
47 silly audit bulk request {
47 silly audit   'ansi-regex': [ '2.1.1' ],
47 silly audit   'ansi-styles': [ '2.2.1' ],
47 silly audit   'arr-diff': [ '2.0.0' ],
47 silly audit   'arr-flatten': [ '1.1.0' ],
47 silly audit   'array-unique': [ '0.2.1' ],
47 silly audit   braces: [ '1.8.5' ],
47 silly audit   chalk: [ '1.1.3' ],
47 silly audit   commander: [ '2.20.3' ],
47 silly audit   cwd: [ '0.6.0', '0.7.0' ],
47 silly audit   'escape-string-regexp': [ '1.0.5' ],
47 silly audit   'expand-brackets': [ '0.1.5' ],
47 silly audit   'expand-range': [ '1.8.2' ],
47 silly audit   'expand-tilde': [ '1.2.2' ],
47 silly audit   'export-files': [ '2.1.1' ],
47 silly audit   extglob: [ '0.3.2' ],
47 silly audit   'filename-regex': [ '2.0.1' ],
47 silly audit   'fill-range': [ '2.2.4' ],
47 silly audit   'for-in': [ '1.0.2' ],
47 silly audit   'for-own': [ '0.1.5' ],
47 silly audit   'function-bind': [ '1.1.1' ],
47 silly audit   'glob-base': [ '0.3.0' ],
47 silly audit   'glob-parent': [ '2.0.0' ],
47 silly audit   has: [ '1.0.3' ],
47 silly audit   'has-ansi': [ '2.0.0' ],
47 silly audit   'is-buffer': [ '1.1.6' ],
47 silly audit   'is-core-module': [ '2.11.0' ],
47 silly audit   'is-dotfile': [ '1.0.3' ],
47 silly audit   'is-equal-shallow': [ '0.1.3' ],
47 silly audit   'is-extendable': [ '0.1.1' ],
47 silly audit   'is-extglob': [ '1.0.0' ],
47 silly audit   'is-glob': [ '2.0.1' ],
47 silly audit   'is-number': [ '2.1.0', '4.0.0' ],
47 silly audit   'is-posix-bracket': [ '0.1.1' ],
47 silly audit   'is-primitive': [ '2.0.0' ],
47 silly audit   isarray: [ '1.0.0' ],
47 silly audit   isobject: [ '2.1.0' ],
47 silly audit   'kind-of': [ '3.2.2', '6.0.3' ],
47 silly audit   'lazy-cache': [ '1.0.4' ],
47 silly audit   'load-pkg': [ '1.3.0' ],
47 silly audit   'look-up': [ '0.7.2' ],
47 silly audit   'math-random': [ '1.0.4' ],
47 silly audit   micromatch: [ '2.3.11' ],
47 silly audit   'normalize-path': [ '2.1.1' ],
47 silly audit   'object.omit': [ '2.0.1' ],
47 silly audit   'os-homedir': [ '1.0.2' ],
47 silly audit   'parse-glob': [ '3.0.4' ],
47 silly audit   'path-parse': [ '1.0.7' ],
47 silly audit   preserve: [ '0.2.0' ],
47 silly audit   randomatic: [ '3.1.1' ],
47 silly audit   'regex-cache': [ '0.4.4' ],
47 silly audit   'remove-trailing-separator': [ '1.1.0' ],
47 silly audit   'repeat-element': [ '1.1.4' ],
47 silly audit   'repeat-string': [ '1.6.1' ],
47 silly audit   resolve: [ '1.22.1' ],
47 silly audit   'resolve-require': [ '0.2.0' ],
47 silly audit   'strip-ansi': [ '3.0.1' ],
47 silly audit   'supports-color': [ '2.0.0' ],
47 silly audit   'supports-preserve-symlinks-flag': [ '1.0.0' ],
47 silly audit   tildify: [ '1.2.0' ],
47 silly audit   'ng-cli': [ '0.7.0' ]
47 silly audit }
48 timing reify:unpack Completed in 1ms
49 timing reify:unretire Completed in 0ms
50 timing build:queue Completed in 0ms
51 timing build:deps Completed in 1ms
52 timing build Completed in 1ms
53 timing reify:build Completed in 1ms
54 timing reify:trash Completed in 1ms
55 timing reify:save Completed in 73ms
56 http fetch POST 200 https://registry.npmjs.org/-/npm/v1/security/advisories/bulk 114ms
57 timing auditReport:getReport Completed in 116ms
58 silly audit report {
58 silly audit report   braces: [
58 silly audit report     {
58 silly audit report       id: 1089939,
58 silly audit report       url: 'https://github.com/advisories/GHSA-cwfw-4gq5-mrqx',
58 silly audit report       title: 'Regular Expression Denial of Service (ReDoS) in braces',
58 silly audit report       severity: 'low',
58 silly audit report       vulnerable_versions: '<2.3.1',
58 silly audit report       cwe: [Array],
58 silly audit report       cvss: [Object]
58 silly audit report     },
58 silly audit report     {
58 silly audit report       id: 1085715,
58 silly audit report       url: 'https://github.com/advisories/GHSA-g95f-p29q-9xw4',
58 silly audit report       title: 'Regular Expression Denial of Service in braces',
58 silly audit report       severity: 'low',
58 silly audit report       vulnerable_versions: '<2.3.1',
58 silly audit report       cwe: [Array],
58 silly audit report       cvss: [Object]
58 silly audit report     }
58 silly audit report   ],
58 silly audit report   'glob-parent': [
58 silly audit report     {
58 silly audit report       id: 1089029,
58 silly audit report       url: 'https://github.com/advisories/GHSA-ww39-953v-wcq6',
58 silly audit report       title: 'glob-parent before 5.1.2 vulnerable to Regular Expression Denial of Service in enclosure regex',
58 silly audit report       severity: 'high',
58 silly audit report       vulnerable_versions: '<5.1.2',
58 silly audit report       cwe: [Array],
58 silly audit report       cvss: [Object]
58 silly audit report     }
58 silly audit report   ]
58 silly audit report }
59 timing metavuln:cache:get:security-advisory:braces:OV/4+5fZgoqfC743NsgdKkg1IaTYto4c916moYJ0wlLqNqSJewWZmkjHiibjgkdGJ0p9LjsMr41IRZ8wNgQzhg== Completed in 14ms
60 timing metavuln:cache:get:security-advisory:braces:3G3vKD4uuWZ6OkybWFslc09SOlERX38mrHc4QH8E2A/eHw9Pg3yb3+xq3ajiFEXJVTWeWyVwBPO/LMTeF85Ofg== Completed in 12ms
61 timing metavuln:cache:get:security-advisory:glob-parent:7O7P+ko9zrO0/aBwmiRECUOV4106cqwL5TsjOnNdlrMsxwBOGkvw82jwMi/v9uQnD71zzzj6cDCF4GG+PdXs8w== Completed in 12ms
62 http fetch GET 200 https://registry.npmjs.org/braces 37ms (cache miss)
63 timing metavuln:packument:braces Completed in 39ms
64 timing metavuln:load:security-advisory:braces:1089939 Completed in 1ms
65 timing metavuln:calculate:security-advisory:braces:1089939 Completed in 41ms
66 timing metavuln:load:security-advisory:braces:1085715 Completed in 1ms
67 timing metavuln:calculate:security-advisory:braces:1085715 Completed in 40ms
68 http fetch GET 200 https://registry.npmjs.org/glob-parent 60ms (cache miss)
69 timing metavuln:packument:glob-parent Completed in 61ms
70 timing metavuln:load:security-advisory:glob-parent:1089029 Completed in 1ms
71 timing metavuln:calculate:security-advisory:glob-parent:1089029 Completed in 62ms
72 timing metavuln:cache:get:security-advisory:micromatch:BLF3cOIAtZaU7fkKQSd6xiIxjEHO7Vsc2jei42/p8mgtpNzpd1AF8W8ZROhTEZsW4JYdHihNRrRcEbEuowIZ+g== Completed in 3ms
73 http fetch GET 200 https://registry.npmjs.org/micromatch 39ms (cache miss)
74 timing metavuln:packument:micromatch Completed in 41ms
75 timing metavuln:load:security-advisory:micromatch:OV/4+5fZgoqfC743NsgdKkg1IaTYto4c916moYJ0wlLqNqSJewWZmkjHiibjgkdGJ0p9LjsMr41IRZ8wNgQzhg== Completed in 0ms
76 timing metavuln:calculate:security-advisory:micromatch:OV/4+5fZgoqfC743NsgdKkg1IaTYto4c916moYJ0wlLqNqSJewWZmkjHiibjgkdGJ0p9LjsMr41IRZ8wNgQzhg== Completed in 42ms
77 timing metavuln:cache:get:security-advisory:glob-base:GkmZ45Xn5xPN5i86QTBDeWmITZ4+76QDfcCpgoDURjfGMdbriJYLcDDzeNAP50guK10DA12/ffirVR/NtYJ2YQ== Completed in 4ms
78 http fetch GET 200 https://registry.npmjs.org/glob-base 27ms (cache miss)
79 timing metavuln:packument:glob-base Completed in 28ms
80 timing metavuln:load:security-advisory:glob-base:7O7P+ko9zrO0/aBwmiRECUOV4106cqwL5TsjOnNdlrMsxwBOGkvw82jwMi/v9uQnD71zzzj6cDCF4GG+PdXs8w== Completed in 0ms
81 timing metavuln:calculate:security-advisory:glob-base:7O7P+ko9zrO0/aBwmiRECUOV4106cqwL5TsjOnNdlrMsxwBOGkvw82jwMi/v9uQnD71zzzj6cDCF4GG+PdXs8w== Completed in 28ms
82 timing metavuln:cache:get:security-advisory:look-up:thVtHYWAir9SBwpuwwVAFtx/jLgKqY1bFbdxocIE9XUgyyZsMAgvbjFcVcva/+LovBVJFRoX/yv7ULDSO92rng== Completed in 5ms
83 http fetch GET 200 https://registry.npmjs.org/look-up 78ms (cache miss)
84 timing metavuln:packument:look-up Completed in 80ms
85 timing metavuln:load:security-advisory:look-up:BLF3cOIAtZaU7fkKQSd6xiIxjEHO7Vsc2jei42/p8mgtpNzpd1AF8W8ZROhTEZsW4JYdHihNRrRcEbEuowIZ+g== Completed in 0ms
86 timing metavuln:calculate:security-advisory:look-up:BLF3cOIAtZaU7fkKQSd6xiIxjEHO7Vsc2jei42/p8mgtpNzpd1AF8W8ZROhTEZsW4JYdHihNRrRcEbEuowIZ+g== Completed in 81ms
87 timing metavuln:cache:get:security-advisory:parse-glob:qIIX272LXZVHm7wyEXGnBJGQet3ABbPkXtW/j01swUrpiupH8XVf2iOgiMbsaCkvKhEcWGwJ/Y0sqoQLkmM5pw== Completed in 3ms
88 http fetch GET 200 https://registry.npmjs.org/parse-glob 29ms (cache miss)
89 timing metavuln:packument:parse-glob Completed in 30ms
90 timing metavuln:load:security-advisory:parse-glob:GkmZ45Xn5xPN5i86QTBDeWmITZ4+76QDfcCpgoDURjfGMdbriJYLcDDzeNAP50guK10DA12/ffirVR/NtYJ2YQ== Completed in 0ms
91 timing metavuln:calculate:security-advisory:parse-glob:GkmZ45Xn5xPN5i86QTBDeWmITZ4+76QDfcCpgoDURjfGMdbriJYLcDDzeNAP50guK10DA12/ffirVR/NtYJ2YQ== Completed in 31ms
92 timing metavuln:cache:get:security-advisory:cwd:OKzXFeUFjaj5SCp6OFbcikSFMJwnePbXz4sz4oJGKRqoO1z3xmlNu7uc430973UHOGIPeBlWuj+4Or7bPZMIVg== Completed in 3ms
93 http fetch GET 200 https://registry.npmjs.org/cwd 50ms (cache miss)
94 timing metavuln:packument:cwd Completed in 52ms
95 timing metavuln:load:security-advisory:cwd:thVtHYWAir9SBwpuwwVAFtx/jLgKqY1bFbdxocIE9XUgyyZsMAgvbjFcVcva/+LovBVJFRoX/yv7ULDSO92rng== Completed in 0ms
96 timing metavuln:calculate:security-advisory:cwd:thVtHYWAir9SBwpuwwVAFtx/jLgKqY1bFbdxocIE9XUgyyZsMAgvbjFcVcva/+LovBVJFRoX/yv7ULDSO92rng== Completed in 52ms
97 timing metavuln:cache:get:security-advisory:micromatch:Mc4fp943Y7pILtHkqQsZmu8Dh3yr209GUl4A6Jf0H2FNSQKnXwYTJuIQu1RCILQqjoqM7/4XTvCEA+UHaqY2lA== Completed in 1ms
98 timing metavuln:load:security-advisory:micromatch:qIIX272LXZVHm7wyEXGnBJGQet3ABbPkXtW/j01swUrpiupH8XVf2iOgiMbsaCkvKhEcWGwJ/Y0sqoQLkmM5pw== Completed in 8ms
99 timing metavuln:calculate:security-advisory:micromatch:qIIX272LXZVHm7wyEXGnBJGQet3ABbPkXtW/j01swUrpiupH8XVf2iOgiMbsaCkvKhEcWGwJ/Y0sqoQLkmM5pw== Completed in 9ms
100 timing metavuln:packument:ng-cli Completed in 1ms
101 timing metavuln:cache:get:security-advisory:resolve-require:3T1Rhj6fah9kX7AJR8WPnEo0XwZBNMYUyy2AGa6eq50dhFP0DYh7YukGxuCHH4HWaWupir4c6yBZVW1YrcOpfg== Completed in 13ms
102 timing metavuln:cache:get:security-advisory:ng-cli:fEzEN7HmQYkIp5nrUrB5QlAALRrudwHhKQ62mcgP1hPoVO4gEBPYbtypAWB4I3ZnHG3KzDdgFH8Upbc2Oim95g== Completed in 12ms
103 timing metavuln:load:security-advisory:ng-cli:OKzXFeUFjaj5SCp6OFbcikSFMJwnePbXz4sz4oJGKRqoO1z3xmlNu7uc430973UHOGIPeBlWuj+4Or7bPZMIVg== Completed in 0ms
104 timing metavuln:calculate:security-advisory:ng-cli:OKzXFeUFjaj5SCp6OFbcikSFMJwnePbXz4sz4oJGKRqoO1z3xmlNu7uc430973UHOGIPeBlWuj+4Or7bPZMIVg== Completed in 12ms
105 timing metavuln:cache:get:security-advisory:load-pkg:q2jgi3EKkKkRuEijWk3qlnvJjlslstQ+Gj0fNFEU4hrMLIHusrhvgUhFjcf3x4WBfFzwWbFLJTl7O476apikAg== Completed in 11ms
106 http fetch GET 200 https://registry.npmjs.org/load-pkg 58ms (cache miss)
107 timing metavuln:packument:load-pkg Completed in 59ms
108 timing metavuln:load:security-advisory:load-pkg:OKzXFeUFjaj5SCp6OFbcikSFMJwnePbXz4sz4oJGKRqoO1z3xmlNu7uc430973UHOGIPeBlWuj+4Or7bPZMIVg== Completed in 0ms
109 timing metavuln:calculate:security-advisory:load-pkg:OKzXFeUFjaj5SCp6OFbcikSFMJwnePbXz4sz4oJGKRqoO1z3xmlNu7uc430973UHOGIPeBlWuj+4Or7bPZMIVg== Completed in 60ms
110 http fetch GET 200 https://registry.npmjs.org/resolve-require 78ms (cache miss)
111 timing metavuln:packument:resolve-require Completed in 80ms
112 timing metavuln:load:security-advisory:resolve-require:OKzXFeUFjaj5SCp6OFbcikSFMJwnePbXz4sz4oJGKRqoO1z3xmlNu7uc430973UHOGIPeBlWuj+4Or7bPZMIVg== Completed in 0ms
113 timing metavuln:calculate:security-advisory:resolve-require:OKzXFeUFjaj5SCp6OFbcikSFMJwnePbXz4sz4oJGKRqoO1z3xmlNu7uc430973UHOGIPeBlWuj+4Or7bPZMIVg== Completed in 81ms
114 timing metavuln:cache:get:security-advisory:ng-cli:MviYrCmcj5ylbXCPdCBnieP7p9qZbs8CYOPj91VmXI21tT8ebte5VaEi15idGq5GT7nzQdobyuR8nPHmuRBLKA== Completed in 0ms
115 timing metavuln:load:security-advisory:ng-cli:q2jgi3EKkKkRuEijWk3qlnvJjlslstQ+Gj0fNFEU4hrMLIHusrhvgUhFjcf3x4WBfFzwWbFLJTl7O476apikAg== Completed in 0ms
116 timing metavuln:calculate:security-advisory:ng-cli:q2jgi3EKkKkRuEijWk3qlnvJjlslstQ+Gj0fNFEU4hrMLIHusrhvgUhFjcf3x4WBfFzwWbFLJTl7O476apikAg== Completed in 0ms
117 timing metavuln:cache:get:security-advisory:ng-cli:eCkh/xKfje0Und1xm/8+1dVNUWG3GjdT2/8qEg6KLe7ptn+c78Oo/x3pmAfIhfqRqe/u4ajvbU0CRqFgJpmWJg== Completed in 1ms
118 timing metavuln:load:security-advisory:ng-cli:3T1Rhj6fah9kX7AJR8WPnEo0XwZBNMYUyy2AGa6eq50dhFP0DYh7YukGxuCHH4HWaWupir4c6yBZVW1YrcOpfg== Completed in 0ms
119 timing metavuln:calculate:security-advisory:ng-cli:3T1Rhj6fah9kX7AJR8WPnEo0XwZBNMYUyy2AGa6eq50dhFP0DYh7YukGxuCHH4HWaWupir4c6yBZVW1YrcOpfg== Completed in 1ms
120 timing auditReport:init Completed in 396ms
121 timing reify:audit Completed in 516ms
122 timing reify Completed in 886ms
123 timing command:i Completed in 918ms
124 verbose exit 0
125 timing npm Completed in 1226ms
126 info ok
