0 verbose cli [ '/usr/bin/node', '/usr/bin/npm', 'audit', 'fix' ]
1 info using npm@8.5.1
2 info using node@v12.22.9
3 timing npm:load:whichnode Completed in 1ms
4 timing config:load:defaults Completed in 2ms
5 timing config:load:file:/usr/share/nodejs/npm/npmrc Completed in 14ms
6 timing config:load:builtin Completed in 15ms
7 timing config:load:cli Completed in 4ms
8 timing config:load:env Completed in 0ms
9 timing config:load:project Completed in 2ms
10 timing config:load:file:/root/.npmrc Completed in 0ms
11 timing config:load:user Completed in 0ms
12 timing config:load:file:/etc/npmrc Completed in 0ms
13 timing config:load:global Completed in 1ms
14 timing config:load:validate Completed in 0ms
15 timing config:load:credentials Completed in 1ms
16 timing config:load:setEnvs Completed in 1ms
17 timing config:load Completed in 26ms
18 timing npm:load:configload Completed in 26ms
19 timing npm:load:setTitle Completed in 0ms
20 timing config:load:flatten Completed in 4ms
21 timing npm:load:display Completed in 8ms
22 verbose logfile /root/.npm/_logs/2023-02-16T09_42_57_531Z-debug-0.log
23 timing npm:load:logFile Completed in 8ms
24 timing npm:load:timers Completed in 0ms
25 timing npm:load:configScope Completed in 0ms
26 timing npm:load Completed in 45ms
27 timing arborist:ctor Completed in 2ms
28 silly logfile start cleaning logs, removing 1 files
29 silly audit bulk request {
29 silly audit   'ansi-regex': [ '2.1.1' ],
29 silly audit   'ansi-styles': [ '2.2.1' ],
29 silly audit   'arr-diff': [ '2.0.0' ],
29 silly audit   'arr-flatten': [ '1.1.0' ],
29 silly audit   'array-unique': [ '0.2.1' ],
29 silly audit   braces: [ '1.8.5' ],
29 silly audit   chalk: [ '1.1.3' ],
29 silly audit   commander: [ '2.20.3' ],
29 silly audit   cwd: [ '0.6.0', '0.7.0' ],
29 silly audit   'escape-string-regexp': [ '1.0.5' ],
29 silly audit   'expand-brackets': [ '0.1.5' ],
29 silly audit   'expand-range': [ '1.8.2' ],
29 silly audit   'expand-tilde': [ '1.2.2' ],
29 silly audit   'export-files': [ '2.1.1' ],
29 silly audit   extglob: [ '0.3.2' ],
29 silly audit   'filename-regex': [ '2.0.1' ],
29 silly audit   'fill-range': [ '2.2.4' ],
29 silly audit   'for-in': [ '1.0.2' ],
29 silly audit   'for-own': [ '0.1.5' ],
29 silly audit   'function-bind': [ '1.1.1' ],
29 silly audit   'glob-base': [ '0.3.0' ],
29 silly audit   'glob-parent': [ '2.0.0' ],
29 silly audit   has: [ '1.0.3' ],
29 silly audit   'has-ansi': [ '2.0.0' ],
29 silly audit   'is-buffer': [ '1.1.6' ],
29 silly audit   'is-core-module': [ '2.11.0' ],
29 silly audit   'is-dotfile': [ '1.0.3' ],
29 silly audit   'is-equal-shallow': [ '0.1.3' ],
29 silly audit   'is-extendable': [ '0.1.1' ],
29 silly audit   'is-extglob': [ '1.0.0' ],
29 silly audit   'is-glob': [ '2.0.1' ],
29 silly audit   'is-number': [ '2.1.0', '4.0.0' ],
29 silly audit   'is-posix-bracket': [ '0.1.1' ],
29 silly audit   'is-primitive': [ '2.0.0' ],
29 silly audit   isarray: [ '1.0.0' ],
29 silly audit   isobject: [ '2.1.0' ],
29 silly audit   'kind-of': [ '3.2.2', '6.0.3' ],
29 silly audit   'lazy-cache': [ '1.0.4' ],
29 silly audit   'load-pkg': [ '1.3.0' ],
29 silly audit   'look-up': [ '0.7.2' ],
29 silly audit   'math-random': [ '1.0.4' ],
29 silly audit   micromatch: [ '2.3.11' ],
29 silly audit   'ng-cli': [ '0.7.0' ],
29 silly audit   'normalize-path': [ '2.1.1' ],
29 silly audit   'object.omit': [ '2.0.1' ],
29 silly audit   'os-homedir': [ '1.0.2' ],
29 silly audit   'parse-glob': [ '3.0.4' ],
29 silly audit   'path-parse': [ '1.0.7' ],
29 silly audit   preserve: [ '0.2.0' ],
29 silly audit   randomatic: [ '3.1.1' ],
29 silly audit   'regex-cache': [ '0.4.4' ],
29 silly audit   'remove-trailing-separator': [ '1.1.0' ],
29 silly audit   'repeat-element': [ '1.1.4' ],
29 silly audit   'repeat-string': [ '1.6.1' ],
29 silly audit   resolve: [ '1.22.1' ],
29 silly audit   'resolve-require': [ '0.2.0' ],
29 silly audit   'strip-ansi': [ '3.0.1' ],
29 silly audit   'supports-color': [ '2.0.0' ],
29 silly audit   'supports-preserve-symlinks-flag': [ '1.0.0' ],
29 silly audit   tildify: [ '1.2.0' ]
29 silly audit }
30 http fetch POST 200 https://registry.npmjs.org/-/npm/v1/security/advisories/bulk 116ms
31 timing auditReport:getReport Completed in 119ms
32 silly audit report {
32 silly audit report   braces: [
32 silly audit report     {
32 silly audit report       id: 1089939,
32 silly audit report       url: 'https://github.com/advisories/GHSA-cwfw-4gq5-mrqx',
32 silly audit report       title: 'Regular Expression Denial of Service (ReDoS) in braces',
32 silly audit report       severity: 'low',
32 silly audit report       vulnerable_versions: '<2.3.1',
32 silly audit report       cwe: [Array],
32 silly audit report       cvss: [Object]
32 silly audit report     },
32 silly audit report     {
32 silly audit report       id: 1085715,
32 silly audit report       url: 'https://github.com/advisories/GHSA-g95f-p29q-9xw4',
32 silly audit report       title: 'Regular Expression Denial of Service in braces',
32 silly audit report       severity: 'low',
32 silly audit report       vulnerable_versions: '<2.3.1',
32 silly audit report       cwe: [Array],
32 silly audit report       cvss: [Object]
32 silly audit report     }
32 silly audit report   ],
32 silly audit report   'glob-parent': [
32 silly audit report     {
32 silly audit report       id: 1089029,
32 silly audit report       url: 'https://github.com/advisories/GHSA-ww39-953v-wcq6',
32 silly audit report       title: 'glob-parent before 5.1.2 vulnerable to Regular Expression Denial of Service in enclosure regex',
32 silly audit report       severity: 'high',
32 silly audit report       vulnerable_versions: '<5.1.2',
32 silly audit report       cwe: [Array],
32 silly audit report       cvss: [Object]
32 silly audit report     }
32 silly audit report   ]
32 silly audit report }
33 timing metavuln:cache:get:security-advisory:braces:OV/4+5fZgoqfC743NsgdKkg1IaTYto4c916moYJ0wlLqNqSJewWZmkjHiibjgkdGJ0p9LjsMr41IRZ8wNgQzhg== Completed in 15ms
34 timing metavuln:cache:get:security-advisory:braces:3G3vKD4uuWZ6OkybWFslc09SOlERX38mrHc4QH8E2A/eHw9Pg3yb3+xq3ajiFEXJVTWeWyVwBPO/LMTeF85Ofg== Completed in 12ms
35 timing metavuln:cache:get:security-advisory:glob-parent:7O7P+ko9zrO0/aBwmiRECUOV4106cqwL5TsjOnNdlrMsxwBOGkvw82jwMi/v9uQnD71zzzj6cDCF4GG+PdXs8w== Completed in 12ms
36 http fetch GET 200 https://registry.npmjs.org/braces 52ms (cache miss)
37 timing metavuln:packument:braces Completed in 54ms
38 timing metavuln:load:security-advisory:braces:1089939 Completed in 1ms
39 timing metavuln:calculate:security-advisory:braces:1089939 Completed in 56ms
40 timing metavuln:load:security-advisory:braces:1085715 Completed in 1ms
41 timing metavuln:calculate:security-advisory:braces:1085715 Completed in 54ms
42 http fetch GET 200 https://registry.npmjs.org/glob-parent 59ms (cache miss)
43 timing metavuln:packument:glob-parent Completed in 60ms
44 timing metavuln:load:security-advisory:glob-parent:1089029 Completed in 0ms
45 timing metavuln:calculate:security-advisory:glob-parent:1089029 Completed in 60ms
46 timing metavuln:cache:get:security-advisory:micromatch:BLF3cOIAtZaU7fkKQSd6xiIxjEHO7Vsc2jei42/p8mgtpNzpd1AF8W8ZROhTEZsW4JYdHihNRrRcEbEuowIZ+g== Completed in 3ms
47 http fetch GET 200 https://registry.npmjs.org/micromatch 35ms (cache miss)
48 timing metavuln:packument:micromatch Completed in 37ms
49 timing metavuln:load:security-advisory:micromatch:OV/4+5fZgoqfC743NsgdKkg1IaTYto4c916moYJ0wlLqNqSJewWZmkjHiibjgkdGJ0p9LjsMr41IRZ8wNgQzhg== Completed in 5ms
50 timing metavuln:calculate:security-advisory:micromatch:OV/4+5fZgoqfC743NsgdKkg1IaTYto4c916moYJ0wlLqNqSJewWZmkjHiibjgkdGJ0p9LjsMr41IRZ8wNgQzhg== Completed in 42ms
51 timing metavuln:cache:get:security-advisory:glob-base:GkmZ45Xn5xPN5i86QTBDeWmITZ4+76QDfcCpgoDURjfGMdbriJYLcDDzeNAP50guK10DA12/ffirVR/NtYJ2YQ== Completed in 5ms
52 http fetch GET 200 https://registry.npmjs.org/glob-base 28ms (cache miss)
53 timing metavuln:packument:glob-base Completed in 30ms
54 timing metavuln:load:security-advisory:glob-base:7O7P+ko9zrO0/aBwmiRECUOV4106cqwL5TsjOnNdlrMsxwBOGkvw82jwMi/v9uQnD71zzzj6cDCF4GG+PdXs8w== Completed in 0ms
55 timing metavuln:calculate:security-advisory:glob-base:7O7P+ko9zrO0/aBwmiRECUOV4106cqwL5TsjOnNdlrMsxwBOGkvw82jwMi/v9uQnD71zzzj6cDCF4GG+PdXs8w== Completed in 30ms
56 timing metavuln:cache:get:security-advisory:look-up:thVtHYWAir9SBwpuwwVAFtx/jLgKqY1bFbdxocIE9XUgyyZsMAgvbjFcVcva/+LovBVJFRoX/yv7ULDSO92rng== Completed in 3ms
57 http fetch GET 200 https://registry.npmjs.org/look-up 51ms (cache miss)
58 timing metavuln:packument:look-up Completed in 53ms
59 timing metavuln:load:security-advisory:look-up:BLF3cOIAtZaU7fkKQSd6xiIxjEHO7Vsc2jei42/p8mgtpNzpd1AF8W8ZROhTEZsW4JYdHihNRrRcEbEuowIZ+g== Completed in 0ms
60 timing metavuln:calculate:security-advisory:look-up:BLF3cOIAtZaU7fkKQSd6xiIxjEHO7Vsc2jei42/p8mgtpNzpd1AF8W8ZROhTEZsW4JYdHihNRrRcEbEuowIZ+g== Completed in 53ms
61 timing metavuln:cache:get:security-advisory:parse-glob:qIIX272LXZVHm7wyEXGnBJGQet3ABbPkXtW/j01swUrpiupH8XVf2iOgiMbsaCkvKhEcWGwJ/Y0sqoQLkmM5pw== Completed in 7ms
62 http fetch GET 200 https://registry.npmjs.org/parse-glob 29ms (cache miss)
63 timing metavuln:packument:parse-glob Completed in 31ms
64 timing metavuln:load:security-advisory:parse-glob:GkmZ45Xn5xPN5i86QTBDeWmITZ4+76QDfcCpgoDURjfGMdbriJYLcDDzeNAP50guK10DA12/ffirVR/NtYJ2YQ== Completed in 0ms
65 timing metavuln:calculate:security-advisory:parse-glob:GkmZ45Xn5xPN5i86QTBDeWmITZ4+76QDfcCpgoDURjfGMdbriJYLcDDzeNAP50guK10DA12/ffirVR/NtYJ2YQ== Completed in 31ms
66 timing metavuln:cache:get:security-advisory:cwd:OKzXFeUFjaj5SCp6OFbcikSFMJwnePbXz4sz4oJGKRqoO1z3xmlNu7uc430973UHOGIPeBlWuj+4Or7bPZMIVg== Completed in 3ms
67 http fetch GET 200 https://registry.npmjs.org/cwd 32ms (cache miss)
68 timing metavuln:packument:cwd Completed in 33ms
69 timing metavuln:load:security-advisory:cwd:thVtHYWAir9SBwpuwwVAFtx/jLgKqY1bFbdxocIE9XUgyyZsMAgvbjFcVcva/+LovBVJFRoX/yv7ULDSO92rng== Completed in 1ms
70 timing metavuln:calculate:security-advisory:cwd:thVtHYWAir9SBwpuwwVAFtx/jLgKqY1bFbdxocIE9XUgyyZsMAgvbjFcVcva/+LovBVJFRoX/yv7ULDSO92rng== Completed in 34ms
71 timing metavuln:cache:get:security-advisory:micromatch:Mc4fp943Y7pILtHkqQsZmu8Dh3yr209GUl4A6Jf0H2FNSQKnXwYTJuIQu1RCILQqjoqM7/4XTvCEA+UHaqY2lA== Completed in 1ms
72 timing metavuln:load:security-advisory:micromatch:qIIX272LXZVHm7wyEXGnBJGQet3ABbPkXtW/j01swUrpiupH8XVf2iOgiMbsaCkvKhEcWGwJ/Y0sqoQLkmM5pw== Completed in 0ms
73 timing metavuln:calculate:security-advisory:micromatch:qIIX272LXZVHm7wyEXGnBJGQet3ABbPkXtW/j01swUrpiupH8XVf2iOgiMbsaCkvKhEcWGwJ/Y0sqoQLkmM5pw== Completed in 1ms
74 timing metavuln:cache:get:security-advisory:ng-cli:fEzEN7HmQYkIp5nrUrB5QlAALRrudwHhKQ62mcgP1hPoVO4gEBPYbtypAWB4I3ZnHG3KzDdgFH8Upbc2Oim95g== Completed in 23ms
75 timing metavuln:cache:get:security-advisory:resolve-require:3T1Rhj6fah9kX7AJR8WPnEo0XwZBNMYUyy2AGa6eq50dhFP0DYh7YukGxuCHH4HWaWupir4c6yBZVW1YrcOpfg== Completed in 22ms
76 timing metavuln:cache:get:security-advisory:load-pkg:q2jgi3EKkKkRuEijWk3qlnvJjlslstQ+Gj0fNFEU4hrMLIHusrhvgUhFjcf3x4WBfFzwWbFLJTl7O476apikAg== Completed in 15ms
77 http fetch GET 200 https://registry.npmjs.org/ng-cli 44ms (cache miss)
78 timing metavuln:packument:ng-cli Completed in 46ms
79 timing metavuln:load:security-advisory:ng-cli:OKzXFeUFjaj5SCp6OFbcikSFMJwnePbXz4sz4oJGKRqoO1z3xmlNu7uc430973UHOGIPeBlWuj+4Or7bPZMIVg== Completed in 0ms
80 timing metavuln:calculate:security-advisory:ng-cli:OKzXFeUFjaj5SCp6OFbcikSFMJwnePbXz4sz4oJGKRqoO1z3xmlNu7uc430973UHOGIPeBlWuj+4Or7bPZMIVg== Completed in 46ms
81 http fetch GET 200 https://registry.npmjs.org/resolve-require 37ms (cache miss)
82 timing metavuln:packument:resolve-require Completed in 45ms
83 timing metavuln:load:security-advisory:resolve-require:OKzXFeUFjaj5SCp6OFbcikSFMJwnePbXz4sz4oJGKRqoO1z3xmlNu7uc430973UHOGIPeBlWuj+4Or7bPZMIVg== Completed in 0ms
84 timing metavuln:calculate:security-advisory:resolve-require:OKzXFeUFjaj5SCp6OFbcikSFMJwnePbXz4sz4oJGKRqoO1z3xmlNu7uc430973UHOGIPeBlWuj+4Or7bPZMIVg== Completed in 45ms
85 http fetch GET 200 https://registry.npmjs.org/load-pkg 56ms (cache miss)
86 timing metavuln:packument:load-pkg Completed in 58ms
87 timing metavuln:load:security-advisory:load-pkg:OKzXFeUFjaj5SCp6OFbcikSFMJwnePbXz4sz4oJGKRqoO1z3xmlNu7uc430973UHOGIPeBlWuj+4Or7bPZMIVg== Completed in 0ms
88 timing metavuln:calculate:security-advisory:load-pkg:OKzXFeUFjaj5SCp6OFbcikSFMJwnePbXz4sz4oJGKRqoO1z3xmlNu7uc430973UHOGIPeBlWuj+4Or7bPZMIVg== Completed in 58ms
89 timing metavuln:cache:get:security-advisory:ng-cli:eCkh/xKfje0Und1xm/8+1dVNUWG3GjdT2/8qEg6KLe7ptn+c78Oo/x3pmAfIhfqRqe/u4ajvbU0CRqFgJpmWJg== Completed in 1ms
90 timing metavuln:load:security-advisory:ng-cli:3T1Rhj6fah9kX7AJR8WPnEo0XwZBNMYUyy2AGa6eq50dhFP0DYh7YukGxuCHH4HWaWupir4c6yBZVW1YrcOpfg== Completed in 0ms
91 timing metavuln:calculate:security-advisory:ng-cli:3T1Rhj6fah9kX7AJR8WPnEo0XwZBNMYUyy2AGa6eq50dhFP0DYh7YukGxuCHH4HWaWupir4c6yBZVW1YrcOpfg== Completed in 1ms
92 timing metavuln:cache:get:security-advisory:ng-cli:MviYrCmcj5ylbXCPdCBnieP7p9qZbs8CYOPj91VmXI21tT8ebte5VaEi15idGq5GT7nzQdobyuR8nPHmuRBLKA== Completed in 1ms
93 timing metavuln:load:security-advisory:ng-cli:q2jgi3EKkKkRuEijWk3qlnvJjlslstQ+Gj0fNFEU4hrMLIHusrhvgUhFjcf3x4WBfFzwWbFLJTl7O476apikAg== Completed in 0ms
94 timing metavuln:calculate:security-advisory:ng-cli:q2jgi3EKkKkRuEijWk3qlnvJjlslstQ+Gj0fNFEU4hrMLIHusrhvgUhFjcf3x4WBfFzwWbFLJTl7O476apikAg== Completed in 1ms
95 timing auditReport:init Completed in 333ms
96 timing audit Completed in 581ms
97 timing idealTree:init Completed in 1ms
98 timing idealTree:userRequests Completed in 1ms
99 silly idealTree buildDeps
100 silly fetch manifest ng-cli@^0.7.0
101 silly placeDep ROOT ng-cli@0.7.0 KEEP for:  want: ^0.7.0
102 timing idealTree:#root Completed in 10ms
103 silly fetch manifest look-up@^0.7.0
104 silly placeDep ROOT look-up@0.7.2 KEEP for: cwd@0.6.0 want: ^0.7.0
105 timing idealTree:node_modules/cwd Completed in 5ms
106 silly fetch manifest glob-parent@^2.0.0
107 silly placeDep ROOT glob-parent@2.0.0 KEEP for: glob-base@0.3.0 want: ^2.0.0
108 timing idealTree:node_modules/glob-base Completed in 17ms
109 silly fetch manifest cwd@^0.7.0
110 silly placeDep node_modules/load-pkg cwd@0.7.0 KEEP for: load-pkg@1.3.0 want: ^0.7.0
111 timing idealTree:node_modules/load-pkg Completed in 3ms
112 silly fetch manifest micromatch@^2.2.0
113 silly placeDep ROOT micromatch@2.3.11 KEEP for: look-up@0.7.2 want: ^2.2.0
114 timing idealTree:node_modules/look-up Completed in 11ms
115 silly fetch manifest braces@^1.8.2
116 silly fetch manifest parse-glob@^3.0.4
117 silly placeDep ROOT braces@1.8.5 KEEP for: micromatch@2.3.11 want: ^1.8.2
118 silly placeDep ROOT parse-glob@3.0.4 KEEP for: micromatch@2.3.11 want: ^3.0.4
119 timing idealTree:node_modules/micromatch Completed in 6ms
120 silly fetch manifest cwd@^0.6.0
121 silly fetch manifest load-pkg@^1.1.3
122 silly fetch manifest resolve-require@^0.2.0
123 silly placeDep ROOT cwd@0.6.0 KEEP for: ng-cli@0.7.0 want: ^0.6.0
124 silly placeDep ROOT load-pkg@1.1.3 KEEP for: ng-cli@0.7.0 want: ^1.1.3
125 silly placeDep ROOT resolve-require@0.2.0 KEEP for: ng-cli@0.7.0 want: ^0.2.0
126 timing idealTree:node_modules/ng-cli Completed in 15ms
127 silly fetch manifest glob-base@^0.3.0
128 silly placeDep ROOT glob-base@0.3.0 KEEP for: parse-glob@3.0.4 want: ^0.3.0
129 timing idealTree:node_modules/parse-glob Completed in 2ms
130 silly placeDep ROOT cwd@0.6.0 KEEP for: resolve-require@0.2.0 want: ^0.6.0
131 timing idealTree:node_modules/resolve-require Completed in 2ms
132 silly fetch manifest look-up@^0.7.1
133 silly placeDep ROOT look-up@0.7.2 KEEP for: cwd@0.7.0 want: ^0.7.1
134 timing idealTree:node_modules/load-pkg/node_modules/cwd Completed in 3ms
135 timing idealTree:buildDeps Completed in 76ms
136 timing idealTree:fixDepFlags Completed in 0ms
137 timing idealTree Completed in 80ms
138 timing arborist:ctor Completed in 0ms
139 timing reify:loadTrees Completed in 136ms
140 timing reify:diffTrees Completed in 4ms
141 silly reify moves {}
142 timing reify:retireShallow Completed in 0ms
143 timing reify:createSparse Completed in 0ms
144 timing reify:loadBundles Completed in 0ms
145 silly audit bulk request {
145 silly audit   'ansi-regex': [ '2.1.1' ],
145 silly audit   'ansi-styles': [ '2.2.1' ],
145 silly audit   'arr-diff': [ '2.0.0' ],
145 silly audit   'arr-flatten': [ '1.1.0' ],
145 silly audit   'array-unique': [ '0.2.1' ],
145 silly audit   braces: [ '1.8.5' ],
145 silly audit   chalk: [ '1.1.3' ],
145 silly audit   commander: [ '2.20.3' ],
145 silly audit   cwd: [ '0.6.0', '0.7.0' ],
145 silly audit   'escape-string-regexp': [ '1.0.5' ],
145 silly audit   'expand-brackets': [ '0.1.5' ],
145 silly audit   'expand-range': [ '1.8.2' ],
145 silly audit   'expand-tilde': [ '1.2.2' ],
145 silly audit   'export-files': [ '2.1.1' ],
145 silly audit   extglob: [ '0.3.2' ],
145 silly audit   'filename-regex': [ '2.0.1' ],
145 silly audit   'fill-range': [ '2.2.4' ],
145 silly audit   'for-in': [ '1.0.2' ],
145 silly audit   'for-own': [ '0.1.5' ],
145 silly audit   'function-bind': [ '1.1.1' ],
145 silly audit   'glob-base': [ '0.3.0' ],
145 silly audit   'glob-parent': [ '2.0.0' ],
145 silly audit   has: [ '1.0.3' ],
145 silly audit   'has-ansi': [ '2.0.0' ],
145 silly audit   'is-buffer': [ '1.1.6' ],
145 silly audit   'is-core-module': [ '2.11.0' ],
145 silly audit   'is-dotfile': [ '1.0.3' ],
145 silly audit   'is-equal-shallow': [ '0.1.3' ],
145 silly audit   'is-extendable': [ '0.1.1' ],
145 silly audit   'is-extglob': [ '1.0.0' ],
145 silly audit   'is-glob': [ '2.0.1' ],
145 silly audit   'is-number': [ '2.1.0', '4.0.0' ],
145 silly audit   'is-posix-bracket': [ '0.1.1' ],
145 silly audit   'is-primitive': [ '2.0.0' ],
145 silly audit   isarray: [ '1.0.0' ],
145 silly audit   isobject: [ '2.1.0' ],
145 silly audit   'kind-of': [ '3.2.2', '6.0.3' ],
145 silly audit   'lazy-cache': [ '1.0.4' ],
145 silly audit   'load-pkg': [ '1.3.0' ],
145 silly audit   'look-up': [ '0.7.2' ],
145 silly audit   'math-random': [ '1.0.4' ],
145 silly audit   micromatch: [ '2.3.11' ],
145 silly audit   'ng-cli': [ '0.7.0' ],
145 silly audit   'normalize-path': [ '2.1.1' ],
145 silly audit   'object.omit': [ '2.0.1' ],
145 silly audit   'os-homedir': [ '1.0.2' ],
145 silly audit   'parse-glob': [ '3.0.4' ],
145 silly audit   'path-parse': [ '1.0.7' ],
145 silly audit   preserve: [ '0.2.0' ],
145 silly audit   randomatic: [ '3.1.1' ],
145 silly audit   'regex-cache': [ '0.4.4' ],
145 silly audit   'remove-trailing-separator': [ '1.1.0' ],
145 silly audit   'repeat-element': [ '1.1.4' ],
145 silly audit   'repeat-string': [ '1.6.1' ],
145 silly audit   resolve: [ '1.22.1' ],
145 silly audit   'resolve-require': [ '0.2.0' ],
145 silly audit   'strip-ansi': [ '3.0.1' ],
145 silly audit   'supports-color': [ '2.0.0' ],
145 silly audit   'supports-preserve-symlinks-flag': [ '1.0.0' ],
145 silly audit   tildify: [ '1.2.0' ]
145 silly audit }
146 timing reify:unpack Completed in 0ms
147 timing reify:unretire Completed in 0ms
148 timing build:queue Completed in 0ms
149 timing build:deps Completed in 1ms
150 timing build Completed in 1ms
151 timing reify:build Completed in 1ms
152 timing reify:trash Completed in 0ms
153 timing reify:save Completed in 36ms
154 http fetch POST 200 https://registry.npmjs.org/-/npm/v1/security/advisories/bulk 98ms
155 timing auditReport:getReport Completed in 100ms
156 silly audit report {
156 silly audit report   braces: [
156 silly audit report     {
156 silly audit report       id: 1089939,
156 silly audit report       url: 'https://github.com/advisories/GHSA-cwfw-4gq5-mrqx',
156 silly audit report       title: 'Regular Expression Denial of Service (ReDoS) in braces',
156 silly audit report       severity: 'low',
156 silly audit report       vulnerable_versions: '<2.3.1',
156 silly audit report       cwe: [Array],
156 silly audit report       cvss: [Object]
156 silly audit report     },
156 silly audit report     {
156 silly audit report       id: 1085715,
156 silly audit report       url: 'https://github.com/advisories/GHSA-g95f-p29q-9xw4',
156 silly audit report       title: 'Regular Expression Denial of Service in braces',
156 silly audit report       severity: 'low',
156 silly audit report       vulnerable_versions: '<2.3.1',
156 silly audit report       cwe: [Array],
156 silly audit report       cvss: [Object]
156 silly audit report     }
156 silly audit report   ],
156 silly audit report   'glob-parent': [
156 silly audit report     {
156 silly audit report       id: 1089029,
156 silly audit report       url: 'https://github.com/advisories/GHSA-ww39-953v-wcq6',
156 silly audit report       title: 'glob-parent before 5.1.2 vulnerable to Regular Expression Denial of Service in enclosure regex',
156 silly audit report       severity: 'high',
156 silly audit report       vulnerable_versions: '<5.1.2',
156 silly audit report       cwe: [Array],
156 silly audit report       cvss: [Object]
156 silly audit report     }
156 silly audit report   ]
156 silly audit report }
157 timing metavuln:packument:braces Completed in 1ms
158 timing metavuln:packument:glob-parent Completed in 0ms
159 timing metavuln:cache:get:security-advisory:braces:OV/4+5fZgoqfC743NsgdKkg1IaTYto4c916moYJ0wlLqNqSJewWZmkjHiibjgkdGJ0p9LjsMr41IRZ8wNgQzhg== Completed in 3ms
160 timing metavuln:load:security-advisory:braces:1089939 Completed in 0ms
161 timing metavuln:calculate:security-advisory:braces:1089939 Completed in 3ms
162 timing metavuln:cache:get:security-advisory:braces:3G3vKD4uuWZ6OkybWFslc09SOlERX38mrHc4QH8E2A/eHw9Pg3yb3+xq3ajiFEXJVTWeWyVwBPO/LMTeF85Ofg== Completed in 3ms
163 timing metavuln:load:security-advisory:braces:1085715 Completed in 1ms
164 timing metavuln:calculate:security-advisory:braces:1085715 Completed in 4ms
165 timing metavuln:cache:get:security-advisory:glob-parent:7O7P+ko9zrO0/aBwmiRECUOV4106cqwL5TsjOnNdlrMsxwBOGkvw82jwMi/v9uQnD71zzzj6cDCF4GG+PdXs8w== Completed in 3ms
166 timing metavuln:load:security-advisory:glob-parent:1089029 Completed in 0ms
167 timing metavuln:calculate:security-advisory:glob-parent:1089029 Completed in 3ms
168 timing metavuln:packument:micromatch Completed in 1ms
169 timing metavuln:cache:get:security-advisory:micromatch:BLF3cOIAtZaU7fkKQSd6xiIxjEHO7Vsc2jei42/p8mgtpNzpd1AF8W8ZROhTEZsW4JYdHihNRrRcEbEuowIZ+g== Completed in 1ms
170 timing metavuln:load:security-advisory:micromatch:OV/4+5fZgoqfC743NsgdKkg1IaTYto4c916moYJ0wlLqNqSJewWZmkjHiibjgkdGJ0p9LjsMr41IRZ8wNgQzhg== Completed in 1ms
171 timing metavuln:calculate:security-advisory:micromatch:OV/4+5fZgoqfC743NsgdKkg1IaTYto4c916moYJ0wlLqNqSJewWZmkjHiibjgkdGJ0p9LjsMr41IRZ8wNgQzhg== Completed in 2ms
172 timing metavuln:packument:glob-base Completed in 0ms
173 timing metavuln:cache:get:security-advisory:glob-base:GkmZ45Xn5xPN5i86QTBDeWmITZ4+76QDfcCpgoDURjfGMdbriJYLcDDzeNAP50guK10DA12/ffirVR/NtYJ2YQ== Completed in 1ms
174 timing metavuln:load:security-advisory:glob-base:7O7P+ko9zrO0/aBwmiRECUOV4106cqwL5TsjOnNdlrMsxwBOGkvw82jwMi/v9uQnD71zzzj6cDCF4GG+PdXs8w== Completed in 0ms
175 timing metavuln:calculate:security-advisory:glob-base:7O7P+ko9zrO0/aBwmiRECUOV4106cqwL5TsjOnNdlrMsxwBOGkvw82jwMi/v9uQnD71zzzj6cDCF4GG+PdXs8w== Completed in 1ms
176 timing metavuln:packument:look-up Completed in 0ms
177 timing metavuln:cache:get:security-advisory:look-up:thVtHYWAir9SBwpuwwVAFtx/jLgKqY1bFbdxocIE9XUgyyZsMAgvbjFcVcva/+LovBVJFRoX/yv7ULDSO92rng== Completed in 1ms
178 timing metavuln:load:security-advisory:look-up:BLF3cOIAtZaU7fkKQSd6xiIxjEHO7Vsc2jei42/p8mgtpNzpd1AF8W8ZROhTEZsW4JYdHihNRrRcEbEuowIZ+g== Completed in 0ms
179 timing metavuln:calculate:security-advisory:look-up:BLF3cOIAtZaU7fkKQSd6xiIxjEHO7Vsc2jei42/p8mgtpNzpd1AF8W8ZROhTEZsW4JYdHihNRrRcEbEuowIZ+g== Completed in 1ms
180 timing metavuln:packument:parse-glob Completed in 0ms
181 timing metavuln:cache:get:security-advisory:parse-glob:qIIX272LXZVHm7wyEXGnBJGQet3ABbPkXtW/j01swUrpiupH8XVf2iOgiMbsaCkvKhEcWGwJ/Y0sqoQLkmM5pw== Completed in 1ms
182 timing metavuln:load:security-advisory:parse-glob:GkmZ45Xn5xPN5i86QTBDeWmITZ4+76QDfcCpgoDURjfGMdbriJYLcDDzeNAP50guK10DA12/ffirVR/NtYJ2YQ== Completed in 0ms
183 timing metavuln:calculate:security-advisory:parse-glob:GkmZ45Xn5xPN5i86QTBDeWmITZ4+76QDfcCpgoDURjfGMdbriJYLcDDzeNAP50guK10DA12/ffirVR/NtYJ2YQ== Completed in 2ms
184 timing metavuln:packument:cwd Completed in 0ms
185 timing metavuln:cache:get:security-advisory:cwd:OKzXFeUFjaj5SCp6OFbcikSFMJwnePbXz4sz4oJGKRqoO1z3xmlNu7uc430973UHOGIPeBlWuj+4Or7bPZMIVg== Completed in 1ms
186 timing metavuln:load:security-advisory:cwd:thVtHYWAir9SBwpuwwVAFtx/jLgKqY1bFbdxocIE9XUgyyZsMAgvbjFcVcva/+LovBVJFRoX/yv7ULDSO92rng== Completed in 0ms
187 timing metavuln:calculate:security-advisory:cwd:thVtHYWAir9SBwpuwwVAFtx/jLgKqY1bFbdxocIE9XUgyyZsMAgvbjFcVcva/+LovBVJFRoX/yv7ULDSO92rng== Completed in 1ms
188 timing metavuln:cache:get:security-advisory:micromatch:Mc4fp943Y7pILtHkqQsZmu8Dh3yr209GUl4A6Jf0H2FNSQKnXwYTJuIQu1RCILQqjoqM7/4XTvCEA+UHaqY2lA== Completed in 1ms
189 timing metavuln:load:security-advisory:micromatch:qIIX272LXZVHm7wyEXGnBJGQet3ABbPkXtW/j01swUrpiupH8XVf2iOgiMbsaCkvKhEcWGwJ/Y0sqoQLkmM5pw== Completed in 0ms
190 timing metavuln:calculate:security-advisory:micromatch:qIIX272LXZVHm7wyEXGnBJGQet3ABbPkXtW/j01swUrpiupH8XVf2iOgiMbsaCkvKhEcWGwJ/Y0sqoQLkmM5pw== Completed in 1ms
191 timing metavuln:packument:ng-cli Completed in 1ms
192 timing metavuln:packument:resolve-require Completed in 0ms
193 timing metavuln:packument:load-pkg Completed in 0ms
194 timing metavuln:cache:get:security-advisory:ng-cli:fEzEN7HmQYkIp5nrUrB5QlAALRrudwHhKQ62mcgP1hPoVO4gEBPYbtypAWB4I3ZnHG3KzDdgFH8Upbc2Oim95g== Completed in 3ms
195 timing metavuln:load:security-advisory:ng-cli:OKzXFeUFjaj5SCp6OFbcikSFMJwnePbXz4sz4oJGKRqoO1z3xmlNu7uc430973UHOGIPeBlWuj+4Or7bPZMIVg== Completed in 0ms
196 timing metavuln:calculate:security-advisory:ng-cli:OKzXFeUFjaj5SCp6OFbcikSFMJwnePbXz4sz4oJGKRqoO1z3xmlNu7uc430973UHOGIPeBlWuj+4Or7bPZMIVg== Completed in 3ms
197 timing metavuln:cache:get:security-advisory:resolve-require:3T1Rhj6fah9kX7AJR8WPnEo0XwZBNMYUyy2AGa6eq50dhFP0DYh7YukGxuCHH4HWaWupir4c6yBZVW1YrcOpfg== Completed in 2ms
198 timing metavuln:load:security-advisory:resolve-require:OKzXFeUFjaj5SCp6OFbcikSFMJwnePbXz4sz4oJGKRqoO1z3xmlNu7uc430973UHOGIPeBlWuj+4Or7bPZMIVg== Completed in 0ms
199 timing metavuln:calculate:security-advisory:resolve-require:OKzXFeUFjaj5SCp6OFbcikSFMJwnePbXz4sz4oJGKRqoO1z3xmlNu7uc430973UHOGIPeBlWuj+4Or7bPZMIVg== Completed in 2ms
200 timing metavuln:cache:get:security-advisory:load-pkg:q2jgi3EKkKkRuEijWk3qlnvJjlslstQ+Gj0fNFEU4hrMLIHusrhvgUhFjcf3x4WBfFzwWbFLJTl7O476apikAg== Completed in 2ms
201 timing metavuln:load:security-advisory:load-pkg:OKzXFeUFjaj5SCp6OFbcikSFMJwnePbXz4sz4oJGKRqoO1z3xmlNu7uc430973UHOGIPeBlWuj+4Or7bPZMIVg== Completed in 0ms
202 timing metavuln:calculate:security-advisory:load-pkg:OKzXFeUFjaj5SCp6OFbcikSFMJwnePbXz4sz4oJGKRqoO1z3xmlNu7uc430973UHOGIPeBlWuj+4Or7bPZMIVg== Completed in 2ms
203 timing metavuln:cache:get:security-advisory:ng-cli:eCkh/xKfje0Und1xm/8+1dVNUWG3GjdT2/8qEg6KLe7ptn+c78Oo/x3pmAfIhfqRqe/u4ajvbU0CRqFgJpmWJg== Completed in 0ms
204 timing metavuln:load:security-advisory:ng-cli:3T1Rhj6fah9kX7AJR8WPnEo0XwZBNMYUyy2AGa6eq50dhFP0DYh7YukGxuCHH4HWaWupir4c6yBZVW1YrcOpfg== Completed in 0ms
205 timing metavuln:calculate:security-advisory:ng-cli:3T1Rhj6fah9kX7AJR8WPnEo0XwZBNMYUyy2AGa6eq50dhFP0DYh7YukGxuCHH4HWaWupir4c6yBZVW1YrcOpfg== Completed in 0ms
206 timing metavuln:cache:get:security-advisory:ng-cli:MviYrCmcj5ylbXCPdCBnieP7p9qZbs8CYOPj91VmXI21tT8ebte5VaEi15idGq5GT7nzQdobyuR8nPHmuRBLKA== Completed in 0ms
207 timing metavuln:load:security-advisory:ng-cli:q2jgi3EKkKkRuEijWk3qlnvJjlslstQ+Gj0fNFEU4hrMLIHusrhvgUhFjcf3x4WBfFzwWbFLJTl7O476apikAg== Completed in 0ms
208 timing metavuln:calculate:security-advisory:ng-cli:q2jgi3EKkKkRuEijWk3qlnvJjlslstQ+Gj0fNFEU4hrMLIHusrhvgUhFjcf3x4WBfFzwWbFLJTl7O476apikAg== Completed in 0ms
209 timing auditReport:init Completed in 19ms
210 timing reify:audit Completed in 120ms
211 timing reify Completed in 262ms
212 timing command:audit Completed in 881ms
213 verbose exit 0
214 timing npm Completed in 1195ms
215 verbose code 1
