0 verbose cli [ '/usr/bin/node', '/usr/bin/npm', 'install' ]
1 info using npm@8.5.1
2 info using node@v12.22.9
3 timing npm:load:whichnode Completed in 0ms
4 timing config:load:defaults Completed in 2ms
5 timing config:load:file:/usr/share/nodejs/npm/npmrc Completed in 17ms
6 timing config:load:builtin Completed in 18ms
7 timing config:load:cli Completed in 1ms
8 timing config:load:env Completed in 0ms
9 timing config:load:project Completed in 2ms
10 timing config:load:file:/root/.npmrc Completed in 0ms
11 timing config:load:user Completed in 0ms
12 timing config:load:file:/etc/npmrc Completed in 0ms
13 timing config:load:global Completed in 1ms
14 timing config:load:validate Completed in 0ms
15 timing config:load:credentials Completed in 2ms
16 timing config:load:setEnvs Completed in 1ms
17 timing config:load Completed in 29ms
18 timing npm:load:configload Completed in 29ms
19 timing npm:load:setTitle Completed in 1ms
20 timing config:load:flatten Completed in 4ms
21 timing npm:load:display Completed in 7ms
22 verbose logfile /root/.npm/_logs/2023-02-16T09_50_19_308Z-debug-0.log
23 timing npm:load:logFile Completed in 9ms
24 timing npm:load:timers Completed in 0ms
25 timing npm:load:configScope Completed in 0ms
26 timing npm:load Completed in 47ms
27 timing arborist:ctor Completed in 1ms
28 silly logfile start cleaning logs, removing 1 files
29 timing idealTree:init Completed in 598ms
30 timing idealTree:userRequests Completed in 1ms
31 silly idealTree buildDeps
32 timing idealTree:#root Completed in 0ms
33 timing idealTree:buildDeps Completed in 2ms
34 timing idealTree:fixDepFlags Completed in 1ms
35 timing idealTree Completed in 611ms
36 timing arborist:ctor Completed in 0ms
37 timing reify:loadTrees Completed in 995ms
38 timing reify:diffTrees Completed in 14ms
39 silly reify moves {}
40 timing reify:retireShallow Completed in 1ms
41 timing reify:createSparse Completed in 27ms
42 timing reify:loadBundles Completed in 0ms
43 silly audit bulk request {
43 silly audit   abbrev: [ '1.1.1' ],
43 silly audit   ajv: [ '6.12.6' ],
43 silly audit   amdefine: [ '1.0.1' ],
43 silly audit   'ansi-escapes': [ '1.4.0' ],
43 silly audit   'ansi-regex': [ '0.2.1', '2.1.1', '1.1.1' ],
43 silly audit   'ansi-styles': [ '1.1.0', '2.2.1' ],
43 silly audit   'array-find-index': [ '1.0.2' ],
43 silly audit   'array-union': [ '1.0.2' ],
43 silly audit   'array-uniq': [ '1.0.3' ],
43 silly audit   arrify: [ '1.0.1' ],
43 silly audit   asn1: [ '0.2.6' ],
43 silly audit   'assert-plus': [ '1.0.0' ],
43 silly audit   'ast-query': [ '0.2.5' ],
43 silly audit   async: [ '0.9.2' ],
43 silly audit   'async-each': [ '0.1.6' ],
43 silly audit   asynckit: [ '0.4.0' ],
43 silly audit   'available-typed-arrays': [ '1.0.5' ],
43 silly audit   'aws-sign2': [ '0.7.0' ],
43 silly audit   aws4: [ '1.12.0' ],
43 silly audit   'balanced-match': [ '1.0.2' ],
43 silly audit   'bcrypt-pbkdf': [ '1.0.2' ],
43 silly audit   binaryextensions: [ '1.0.1' ],
43 silly audit   bl: [ '0.9.5', '1.2.3' ],
43 silly audit   bluebird: [ '2.11.0' ],
43 silly audit   'brace-expansion': [ '1.1.11' ],
43 silly audit   'buffer-alloc': [ '1.2.0' ],
43 silly audit   'buffer-alloc-unsafe': [ '1.1.0' ],
43 silly audit   'buffer-crc32': [ '0.2.13' ],
43 silly audit   'buffer-equal': [ '0.0.1' ],
43 silly audit   'buffer-fill': [ '1.0.0' ],
43 silly audit   'buffer-from': [ '1.1.2' ],
43 silly audit   bunyan: [ '1.8.15' ],
43 silly audit   'call-bind': [ '1.0.2' ],
43 silly audit   camelcase: [ '2.1.1', '1.2.1' ],
43 silly audit   'camelcase-keys': [ '2.1.0', '1.0.0' ],
43 silly audit   caseless: [ '0.12.0' ],
43 silly audit   chalk: [ '0.5.1', '1.1.3' ],
43 silly audit   'char-spinner': [ '1.0.1' ],
43 silly audit   cheerio: [ '0.18.0' ],
43 silly audit   chokidar: [ '0.12.6' ],
43 silly audit   'class-extend': [ '0.1.2' ],
43 silly audit   'object-assign': [ '2.1.1', '4.1.1' ],
43 silly audit   'cli-boxes': [ '1.0.0' ],
43 silly audit   'cli-cursor': [ '1.0.2' ],
43 silly audit   'cli-table': [ '0.3.11' ],
43 silly audit   'cli-width': [ '1.1.1', '2.2.1' ],
43 silly audit   clone: [ '0.2.0', '1.0.4', '2.1.2' ],
43 silly audit   'clone-buffer': [ '1.0.0' ],
43 silly audit   'clone-stats': [ '0.0.1', '1.0.0' ],
43 silly audit   'cloneable-readable': [ '1.1.3' ],
43 silly audit   isarray: [ '1.0.0', '0.0.1' ],
43 silly audit   'readable-stream': [ '2.3.7', '1.1.14', '3.6.0', '1.0.34' ],
43 silly audit   'safe-buffer': [ '5.1.2', '5.2.1' ],
43 silly audit   string_decoder: [ '1.1.1', '1.3.0', '0.10.31' ],
43 silly audit   co: [ '3.1.0' ],
43 silly audit   'code-point-at': [ '1.1.0' ],
43 silly audit   colors: [ '1.0.3' ],
43 silly audit   'combined-stream': [ '1.0.8' ],
43 silly audit   commander: [ '2.20.3' ],
43 silly audit   'concat-map': [ '0.0.1' ],
43 silly audit   'concat-stream': [ '1.6.2' ],
43 silly audit   'core-util-is': [ '1.0.3', '1.0.2' ],
43 silly audit   'cross-spawn': [ '0.2.9' ],
43 silly audit   CSSselect: [ '0.4.1' ],
43 silly audit   CSSwhat: [ '0.4.7' ],
43 silly audit   'currently-unhandled': [ '0.4.1' ],
43 silly audit   dargs: [ '3.0.1' ],
43 silly audit   dashdash: [ '1.14.1' ],
43 silly audit   dateformat: [ '1.0.12' ],
43 silly audit   debug: [ '2.6.9' ],
43 silly audit   decamelize: [ '1.2.0' ],
43 silly audit   'decompress-tar': [ '2.0.2' ],
43 silly audit   'decompress-tarbz2': [ '2.0.2' ],
43 silly audit   'decompress-targz': [ '2.1.0' ],
43 silly audit   'has-ansi': [ '2.0.0', '0.1.0' ],
43 silly audit   'strip-ansi': [ '3.0.1', '2.0.1', '0.3.0' ],
43 silly audit   'strip-dirs': [ '1.1.1', '0.1.1' ],
43 silly audit   'supports-color': [ '2.0.0', '0.2.0' ],
43 silly audit   'tar-stream': [ '1.6.2', '0.4.7' ],
43 silly audit   'decompress-unzip': [ '2.1.2' ],
43 silly audit   'deep-extend': [ '0.2.11' ],
43 silly audit   defaults: [ '1.0.4' ],
43 silly audit   'delayed-stream': [ '1.0.0' ],
43 silly audit   'detect-conflict': [ '1.0.1' ],
43 silly audit   diff: [ '1.4.0', '2.2.3' ],
43 silly audit   'dom-serializer': [ '0.0.1' ],
43 silly audit   domelementtype: [ '1.1.3' ],
43 silly audit   domhandler: [ '2.3.0' ],
43 silly audit   domutils: [ '1.4.3', '1.5.1' ],
43 silly audit   download: [ '3.3.0' ],
43 silly audit   'download-status': [ '2.2.1' ],
43 silly audit   'get-stdin': [ '3.0.2', '4.0.1', '1.0.0' ],
43 silly audit   'indent-string': [ '1.2.2', '2.1.0' ],
43 silly audit   meow: [ '2.1.0', '3.7.0' ],
43 silly audit   repeating: [ '1.1.3', '2.0.1' ],
43 silly audit   'dtrace-provider': [ '0.8.8' ],
43 silly audit   duplexer: [ '0.1.2' ],
43 silly audit   duplexify: [ '3.7.1' ],
43 silly audit   'each-async': [ '1.1.1' ],
43 silly audit   'ecc-jsbn': [ '0.1.2' ],
43 silly audit   'end-of-stream': [ '1.4.4' ],
43 silly audit   entities: [ '1.1.2', '1.0.0' ],
43 silly audit   'error-ex': [ '1.3.2' ],
43 silly audit   'escape-string-regexp': [ '1.0.5' ],
43 silly audit   escodegen: [ '1.3.3' ],
43 silly audit   esprima: [ '1.1.1' ],
43 silly audit   estraverse: [ '1.5.1' ],
43 silly audit   esutils: [ '1.0.0' ],
43 silly audit   'exit-hook': [ '1.1.1' ],
43 silly audit   extend: [ '3.0.2' ],
43 silly audit   'external-editor': [ '1.1.1' ],
43 silly audit   extsprintf: [ '1.3.0' ],
43 silly audit   'fast-deep-equal': [ '3.1.3' ],
43 silly audit   'fast-json-stable-stringify': [ '2.1.0' ],
43 silly audit   'fd-slicer': [ '1.1.0' ],
43 silly audit   figures: [ '1.7.0' ],
43 silly audit   'file-utils': [ '0.2.2' ],
43 silly audit   'find-index': [ '0.1.1' ],
43 silly audit   'find-up': [ '1.1.2' ],
43 silly audit   'findup-sync': [ '0.2.1' ],
43 silly audit   glob: [ '4.3.5', '4.5.3', '6.0.4', '3.1.21', '5.0.15' ],
43 silly audit   'first-chunk-stream': [ '2.0.0', '1.0.0' ],
43 silly audit   'for-each': [ '0.3.3' ],
43 silly audit   'forever-agent': [ '0.6.1' ],
43 silly audit   'form-data': [ '2.3.3' ],
43 silly audit   formatio: [ '1.1.1' ],
43 silly audit   'fs-constants': [ '1.0.0' ],
43 silly audit   fsevents: [ '0.3.8' ],
43 silly audit   'function-bind': [ '1.1.1' ],
43 silly audit   gaze: [ '0.5.2' ],
43 silly audit   'generator-ng-factory': [ '0.2.7' ],
43 silly audit   'get-intrinsic': [ '1.2.0' ],
43 silly audit   getpass: [ '0.1.7' ],
43 silly audit   'github-username': [ '1.1.1' ],
43 silly audit   'glob-stream': [ '3.1.18' ],
43 silly audit   'glob-watcher': [ '0.0.6' ],
43 silly audit   glob2base: [ '0.0.12' ],
43 silly audit   globby: [ '4.1.0' ],
43 silly audit   globule: [ '0.1.0' ],
43 silly audit   'graceful-fs': [ '1.2.3', '2.0.3', '4.2.10', '3.0.12' ],
43 silly audit   inherits: [ '1.0.2', '2.0.4' ],
43 silly audit   lodash: [ '1.0.2', '4.17.21', '3.10.1', '2.4.2' ],
43 silly audit   minimatch: [ '0.2.14', '2.0.10' ],
43 silly audit   gopd: [ '1.0.1' ],
43 silly audit   got: [ '2.9.2' ],
43 silly audit   'grouped-queue': [ '0.3.3' ],
43 silly audit   'gruntfile-editor': [ '0.2.0' ],
43 silly audit   'gulp-rename': [ '1.4.0' ],
43 silly audit   'har-schema': [ '2.0.0' ],
43 silly audit   'har-validator': [ '5.1.5' ],
43 silly audit   has: [ '1.0.3' ],
43 silly audit   'has-symbols': [ '1.0.3' ],
43 silly audit   'has-tostringtag': [ '1.0.0' ],
43 silly audit   'hosted-git-info': [ '2.8.9' ],
43 silly audit   htmlparser2: [ '3.8.3' ],
43 silly audit   'http-signature': [ '1.2.0' ],
43 silly audit   'iconv-lite': [ '0.4.24' ],
43 silly audit   'infinity-agent': [ '2.0.3' ],
43 silly audit   inflight: [ '1.0.6' ],
43 silly audit   ini: [ '1.3.8' ],
43 silly audit   inquirer: [ '0.8.5', '1.2.3' ],
43 silly audit   'ip-regex': [ '1.0.3' ],
43 silly audit   'is-absolute': [ '0.1.7' ],
43 silly audit   'is-arguments': [ '1.1.1' ],
43 silly audit   'is-arrayish': [ '0.2.1' ],
43 silly audit   'is-bzip2': [ '1.0.0' ],
43 silly audit   'is-callable': [ '1.2.7' ],
43 silly audit   'is-core-module': [ '2.11.0' ],
43 silly audit   'is-finite': [ '1.1.0' ],
43 silly audit   'is-fullwidth-code-point': [ '1.0.0' ],
43 silly audit   'is-generator-function': [ '1.0.10' ],
43 silly audit   'is-gzip': [ '1.0.0' ],
43 silly audit   'is-integer': [ '1.0.7' ],
43 silly audit   'is-natural-number': [ '2.1.1' ],
43 silly audit   'is-relative': [ '0.1.3' ],
43 silly audit   'is-stream': [ '1.1.0' ],
43 silly audit   'is-tar': [ '1.0.0' ],
43 silly audit   'is-typed-array': [ '1.1.10' ],
43 silly audit   'is-typedarray': [ '1.0.0' ],
43 silly audit   'is-utf8': [ '0.2.1' ],
43 silly audit   'is-zip': [ '1.0.0' ],
43 silly audit   isbinaryfile: [ '2.0.4' ],
43 silly audit   isstream: [ '0.1.2' ],
43 silly audit   istextorbinary: [ '1.0.2' ],
43 silly audit   jsbn: [ '0.1.1' ],
43 silly audit   'json-schema': [ '0.4.0' ],
43 silly audit   'json-schema-traverse': [ '0.4.1' ],
43 silly audit   'json-stringify-safe': [ '5.0.1' ],
43 silly audit   jsprim: [ '1.4.2' ],
43 silly audit   'load-json-file': [ '1.1.0' ],
43 silly audit   'log-symbols': [ '1.0.2' ],
43 silly audit   lolex: [ '1.3.2' ],
43 silly audit   longest: [ '1.0.1' ],
43 silly audit   'loud-rejection': [ '1.6.0' ],
43 silly audit   'lowercase-keys': [ '1.0.1' ],
43 silly audit   'lpad-align': [ '1.1.2' ],
43 silly audit   'lru-cache': [ '2.7.3' ],
43 silly audit   'map-obj': [ '1.0.1' ],
43 silly audit   'mem-fs': [ '1.2.0' ],
43 silly audit   'mem-fs-editor': [ '1.2.3' ],
43 silly audit   through2: [ '3.0.2', '0.6.5' ],
43 silly audit   vinyl: [ '2.2.1', '0.4.6' ],
43 silly audit   mime: [ '1.6.0' ],
43 silly audit   'mime-db': [ '1.52.0' ],
43 silly audit   'mime-types': [ '2.1.35' ],
43 silly audit   minimist: [ '1.2.8', '0.0.10' ],
43 silly audit   mkdirp: [ '0.5.6' ],
43 silly audit   moment: [ '2.29.4' ],
43 silly audit   ms: [ '2.0.0' ],
43 silly audit   'mute-stream': [ '0.0.4', '0.0.6' ],
43 silly audit   mv: [ '2.1.1' ],
43 silly audit   nan: [ '2.17.0' ],
43 silly audit   natives: [ '1.1.6' ],
43 silly audit   ncp: [ '2.0.0' ],
43 silly audit   needle: [ '0.7.11' ],
43 silly audit   'nested-error-stacks': [ '1.0.2' ],
43 silly audit   'ng-cli': [ '0.5.4' ],
43 silly audit   nopt: [ '3.0.6' ],
43 silly audit   'normalize-package-data': [ '2.5.0' ],
43 silly audit   'number-is-nan': [ '1.0.1' ],
43 silly audit   nunjucks: [ '1.3.4' ],
43 silly audit   'oauth-sign': [ '0.9.0' ],
43 silly audit   once: [ '1.4.0' ],
43 silly audit   onetime: [ '1.1.0' ],
43 silly audit   optimist: [ '0.6.1' ],
43 silly audit   'ordered-read-streams': [ '0.1.0' ],
43 silly audit   'os-homedir': [ '1.0.2' ],
43 silly audit   'os-shim': [ '0.1.3' ],
43 silly audit   'os-tmpdir': [ '1.0.2' ],
43 silly audit   'pad-component': [ '0.0.1' ],
43 silly audit   'parse-json': [ '2.2.0' ],
43 silly audit   'path-exists': [ '2.1.0' ],
43 silly audit   'path-is-absolute': [ '1.0.1' ],
43 silly audit   'path-parse': [ '1.0.7' ],
43 silly audit   'path-type': [ '1.1.0' ],
43 silly audit   pend: [ '1.2.0' ],
43 silly audit   'performance-now': [ '2.1.0' ],
43 silly audit   pify: [ '2.3.0' ],
43 silly audit   pinkie: [ '2.0.4' ],
43 silly audit   'pinkie-promise': [ '2.0.1' ],
43 silly audit   'prepend-http': [ '1.0.4' ],
43 silly audit   'pretty-bytes': [ '1.0.4' ],
43 silly audit   'process-nextick-args': [ '2.0.1' ],
43 silly audit   progress: [ '1.1.8' ],
43 silly audit   psl: [ '1.9.0' ],
43 silly audit   punycode: [ '2.3.0' ],
43 silly audit   qs: [ '6.5.3' ],
43 silly audit   rc: [ '0.5.5' ],
43 silly audit   'read-all-stream': [ '2.2.0' ],
43 silly audit   'read-chunk': [ '1.0.1' ],
43 silly audit   'read-pkg': [ '1.1.0' ],
43 silly audit   'read-pkg-up': [ '1.0.1' ],
43 silly audit   readdirp: [ '1.3.0' ],
43 silly audit   readline2: [ '0.1.1' ],
43 silly audit   redent: [ '1.0.0' ],
43 silly audit   'remove-trailing-separator': [ '1.1.0' ],
43 silly audit   'replace-ext': [ '1.0.1' ],
43 silly audit   request: [ '2.88.2' ],
43 silly audit   resolve: [ '1.22.1' ],
43 silly audit   'restore-cursor': [ '1.0.1' ],
43 silly audit   rimraf: [ '2.4.5' ],
43 silly audit   'run-async': [ '0.1.0', '2.4.1' ],
43 silly audit   rx: [ '2.5.3', '4.1.0' ],
43 silly audit   'safe-json-stringify': [ '1.2.0' ],
43 silly audit   'safer-buffer': [ '2.1.2' ],
43 silly audit   samsam: [ '1.1.2' ],
43 silly audit   'seek-bzip': [ '1.0.6' ],
43 silly audit   semver: [ '4.3.6' ],
43 silly audit   'set-immediate-shim': [ '1.0.1' ],
43 silly audit   shelljs: [ '0.3.0' ],
43 silly audit   sigmund: [ '1.0.1' ],
43 silly audit   'signal-exit': [ '3.0.7' ],
43 silly audit   sinon: [ '1.17.7' ],
43 silly audit   'source-map': [ '0.1.43' ],
43 silly audit   'spawn-sync': [ '1.0.15' ],
43 silly audit   'spdx-correct': [ '3.1.1' ],
43 silly audit   'spdx-exceptions': [ '2.3.0' ],
43 silly audit   'spdx-expression-parse': [ '3.0.1' ],
43 silly audit   'spdx-license-ids': [ '3.0.12' ],
43 silly audit   sshpk: [ '1.17.0' ],
43 silly audit   statuses: [ '1.5.0' ],
43 silly audit   'stream-combiner': [ '0.2.2' ],
43 silly audit   'stream-shift': [ '1.0.1' ],
43 silly audit   'string-width': [ '1.0.2' ],
43 silly audit   'strip-bom': [ '2.0.0', '1.0.0' ],
43 silly audit   'strip-bom-buf': [ '1.0.0' ],
43 silly audit   'strip-bom-stream': [ '2.0.0' ],
43 silly audit   'strip-indent': [ '1.0.1' ],
43 silly audit   'strip-json-comments': [ '0.1.3' ],
43 silly audit   'sum-up': [ '1.0.3' ],
43 silly audit   'supports-preserve-symlinks-flag': [ '1.0.0' ],
43 silly audit   taketalk: [ '1.0.0' ],
43 silly audit   'text-table': [ '0.2.0' ],
43 silly audit   textextensions: [ '1.0.2' ],
43 silly audit   through: [ '2.3.8' ],
43 silly audit   'timed-out': [ '2.0.0' ],
43 silly audit   tmp: [ '0.0.29' ],
43 silly audit   'to-buffer': [ '1.1.1' ],
43 silly audit   'tough-cookie': [ '2.5.0' ],
43 silly audit   traverse: [ '0.6.7' ],
43 silly audit   'trim-newlines': [ '1.0.0' ],
43 silly audit   'tunnel-agent': [ '0.6.0' ],
43 silly audit   tweetnacl: [ '0.14.5' ],
43 silly audit   typedarray: [ '0.0.6' ],
43 silly audit   'underscore.string': [ '2.4.0' ],
43 silly audit   'unique-stream': [ '1.0.0' ],
43 silly audit   untildify: [ '2.1.0' ],
43 silly audit   'uri-js': [ '4.4.1' ],
43 silly audit   'url-regex': [ '2.1.3' ],
43 silly audit   'user-home': [ '1.1.1' ],
43 silly audit   util: [ '0.12.5' ],
43 silly audit   'util-deprecate': [ '1.0.2' ],
43 silly audit   uuid: [ '3.4.0' ],
43 silly audit   'validate-npm-package-license': [ '3.0.4' ],
43 silly audit   verror: [ '1.10.0' ],
43 silly audit   'vinyl-file': [ '3.0.0' ],
43 silly audit   'vinyl-fs': [ '0.3.14' ],
43 silly audit   ware: [ '1.3.0' ],
43 silly audit   'which-typed-array': [ '1.1.9' ],
43 silly audit   wordwrap: [ '0.0.3' ],
43 silly audit   'wrap-ansi': [ '2.1.0' ],
43 silly audit   'wrap-fn': [ '0.1.5' ],
43 silly audit   wrappy: [ '1.0.2' ],
43 silly audit   'xdg-basedir': [ '1.0.1' ],
43 silly audit   xtend: [ '4.0.2' ],
43 silly audit   yargs: [ '1.3.3' ],
43 silly audit   yauzl: [ '2.10.0' ],
43 silly audit   'yeoman-assert': [ '1.0.0' ],
43 silly audit   'yeoman-environment': [ '1.6.6' ],
43 silly audit   'yeoman-generator': [ '0.18.10' ],
43 silly audit   'yeoman-welcome': [ '1.0.1' ],
43 silly audit   yosay: [ '1.2.1' ]
43 silly audit }
44 verbose reify failed optional dependency /root/node_modules/fsevents
45 silly reify mark deleted [ '/root/node_modules/fsevents' ]
46 timing reifyNode:node_modules/fsevents Completed in 32ms
47 timing reify:unpack Completed in 32ms
48 timing reify:unretire Completed in 0ms
49 timing build:queue Completed in 12ms
50 timing build:deps Completed in 12ms
51 timing build Completed in 13ms
52 timing reify:build Completed in 14ms
53 timing reify:trash Completed in 1ms
54 timing reify:save Completed in 140ms
55 http fetch POST 200 https://registry.npmjs.org/-/npm/v1/security/advisories/bulk 334ms
56 timing auditReport:getReport Completed in 350ms
57 silly audit report {
57 silly audit report   bl: [
57 silly audit report     {
57 silly audit report       id: 1090072,
57 silly audit report       url: 'https://github.com/advisories/GHSA-pp7h-53gx-mx7r',
57 silly audit report       title: 'Remote Memory Exposure in bl',
57 silly audit report       severity: 'moderate',
57 silly audit report       vulnerable_versions: '<1.2.3',
57 silly audit report       cwe: [Array],
57 silly audit report       cvss: [Object]
57 silly audit report     }
57 silly audit report   ],
57 silly audit report   'deep-extend': [
57 silly audit report     {
57 silly audit report       id: 1087740,
57 silly audit report       url: 'https://github.com/advisories/GHSA-hr2v-3952-633q',
57 silly audit report       title: 'Prototype Pollution in deep-extend',
57 silly audit report       severity: 'critical',
57 silly audit report       vulnerable_versions: '<0.5.1',
57 silly audit report       cwe: [Array],
57 silly audit report       cvss: [Object]
57 silly audit report     }
57 silly audit report   ],
57 silly audit report   diff: [
57 silly audit report     {
57 silly audit report       id: 1085700,
57 silly audit report       url: 'https://github.com/advisories/GHSA-h6ch-v84p-w6p9',
57 silly audit report       title: 'Regular Expression Denial of Service (ReDoS)',
57 silly audit report       severity: 'high',
57 silly audit report       vulnerable_versions: '<3.5.0',
57 silly audit report       cwe: [Array],
57 silly audit report       cvss: [Object]
57 silly audit report     }
57 silly audit report   ],
57 silly audit report   lodash: [
57 silly audit report     {
57 silly audit report       id: 1089550,
57 silly audit report       url: 'https://github.com/advisories/GHSA-p6mc-m468-83gw',
57 silly audit report       title: 'Prototype Pollution in lodash',
57 silly audit report       severity: 'high',
57 silly audit report       vulnerable_versions: '<4.17.20',
57 silly audit report       cwe: [Array],
57 silly audit report       cvss: [Object]
57 silly audit report     },
57 silly audit report     {
57 silly audit report       id: 1090101,
57 silly audit report       url: 'https://github.com/advisories/GHSA-jf85-cpcp-j695',
57 silly audit report       title: 'Prototype Pollution in lodash',
57 silly audit report       severity: 'critical',
57 silly audit report       vulnerable_versions: '<4.17.12',
57 silly audit report       cwe: [Array],
57 silly audit report       cvss: [Object]
57 silly audit report     },
57 silly audit report     {
57 silly audit report       id: 1089056,
57 silly audit report       url: 'https://github.com/advisories/GHSA-35jh-r3h4-6jhm',
57 silly audit report       title: 'Command Injection in lodash',
57 silly audit report       severity: 'high',
57 silly audit report       vulnerable_versions: '<4.17.21',
57 silly audit report       cwe: [Array],
57 silly audit report       cvss: [Object]
57 silly audit report     },
57 silly audit report     {
57 silly audit report       id: 1089058,
57 silly audit report       url: 'https://github.com/advisories/GHSA-29mw-wpgm-hmr9',
57 silly audit report       title: 'Regular Expression Denial of Service (ReDoS) in lodash',
57 silly audit report       severity: 'moderate',
57 silly audit report       vulnerable_versions: '<4.17.21',
57 silly audit report       cwe: [Array],
57 silly audit report       cvss: [Object]
57 silly audit report     },
57 silly audit report     {
57 silly audit report       id: 1085674,
57 silly audit report       url: 'https://github.com/advisories/GHSA-x5rq-j2xg-h7qm',
57 silly audit report       title: 'Regular Expression Denial of Service (ReDoS) in lodash',
57 silly audit report       severity: 'moderate',
57 silly audit report       vulnerable_versions: '<4.17.11',
57 silly audit report       cwe: [Array],
57 silly audit report       cvss: [Object]
57 silly audit report     },
57 silly audit report     {
57 silly audit report       id: 1087627,
57 silly audit report       url: 'https://github.com/advisories/GHSA-4xc9-xhrj-v574',
57 silly audit report       title: 'Prototype Pollution in lodash',
57 silly audit report       severity: 'high',
57 silly audit report       vulnerable_versions: '<4.17.11',
57 silly audit report       cwe: [Array],
57 silly audit report       cvss: [Object]
57 silly audit report     },
57 silly audit report     {
57 silly audit report       id: 1087663,
57 silly audit report       url: 'https://github.com/advisories/GHSA-fvqr-27wr-82fm',
57 silly audit report       title: 'Prototype Pollution in lodash',
57 silly audit report       severity: 'low',
57 silly audit report       vulnerable_versions: '<4.17.5',
57 silly audit report       cwe: [Array],
57 silly audit report       cvss: [Object]
57 silly audit report     }
57 silly audit report   ],
57 silly audit report   minimatch: [
57 silly audit report     {
57 silly audit report       id: 1088664,
57 silly audit report       url: 'https://github.com/advisories/GHSA-f8q6-p94x-37v3',
57 silly audit report       title: 'minimatch ReDoS vulnerability',
57 silly audit report       severity: 'high',
57 silly audit report       vulnerable_versions: '<3.0.5',
57 silly audit report       cwe: [Array],
57 silly audit report       cvss: [Object]
57 silly audit report     },
57 silly audit report     {
57 silly audit report       id: 1090968,
57 silly audit report       url: 'https://github.com/advisories/GHSA-hxm2-r34f-qmc5',
57 silly audit report       title: 'Regular Expression Denial of Service in minimatch',
57 silly audit report       severity: 'high',
57 silly audit report       vulnerable_versions: '<3.0.2',
57 silly audit report       cwe: [Array],
57 silly audit report       cvss: [Object]
57 silly audit report     }
57 silly audit report   ],
57 silly audit report   got: [
57 silly audit report     {
57 silly audit report       id: 1088948,
57 silly audit report       url: 'https://github.com/advisories/GHSA-pfrx-2q88-qq97',
57 silly audit report       title: 'Got allows a redirect to a UNIX socket',
57 silly audit report       severity: 'moderate',
57 silly audit report       vulnerable_versions: '<11.8.5',
57 silly audit report       cwe: [],
57 silly audit report       cvss: [Object]
57 silly audit report     }
57 silly audit report   ],
57 silly audit report   minimist: [
57 silly audit report     {
57 silly audit report       id: 1090098,
57 silly audit report       url: 'https://github.com/advisories/GHSA-vh95-rmgr-6w4m',
57 silly audit report       title: 'Prototype Pollution in minimist',
57 silly audit report       severity: 'moderate',
57 silly audit report       vulnerable_versions: '<0.2.1',
57 silly audit report       cwe: [Array],
57 silly audit report       cvss: [Object]
57 silly audit report     },
57 silly audit report     {
57 silly audit report       id: 1088730,
57 silly audit report       url: 'https://github.com/advisories/GHSA-xvch-5gv4-984h',
57 silly audit report       title: 'Prototype Pollution in minimist',
57 silly audit report       severity: 'critical',
57 silly audit report       vulnerable_versions: '<1.2.6',
57 silly audit report       cwe: [Array],
57 silly audit report       cvss: [Object]
57 silly audit report     }
57 silly audit report   ],
57 silly audit report   nunjucks: [
57 silly audit report     {
57 silly audit report       id: 1090961,
57 silly audit report       url: 'https://github.com/advisories/GHSA-f7ph-p5rv-phw2',
57 silly audit report       title: 'Cross-Site Scripting in nunjucks',
57 silly audit report       severity: 'moderate',
57 silly audit report       vulnerable_versions: '<2.4.3',
57 silly audit report       cwe: [Array],
57 silly audit report       cvss: [Object]
57 silly audit report     }
57 silly audit report   ],
57 silly audit report   shelljs: [
57 silly audit report     {
57 silly audit report       id: 1088208,
57 silly audit report       url: 'https://github.com/advisories/GHSA-64g7-mvw6-v9qj',
57 silly audit report       title: 'Improper Privilege Management in shelljs',
57 silly audit report       severity: 'moderate',
57 silly audit report       vulnerable_versions: '<0.8.5',
57 silly audit report       cwe: [Array],
57 silly audit report       cvss: [Object]
57 silly audit report     },
57 silly audit report     {
57 silly audit report       id: 1090457,
57 silly audit report       url: 'https://github.com/advisories/GHSA-4rq4-32rv-6wp6',
57 silly audit report       title: 'Improper Privilege Management in shelljs',
57 silly audit report       severity: 'high',
57 silly audit report       vulnerable_versions: '<0.8.5',
57 silly audit report       cwe: [Array],
57 silly audit report       cvss: [Object]
57 silly audit report     }
57 silly audit report   ],
57 silly audit report   'trim-newlines': [
57 silly audit report     {
57 silly audit report       id: 1089490,
57 silly audit report       url: 'https://github.com/advisories/GHSA-7p7h-4mm5-852v',
57 silly audit report       title: 'Uncontrolled Resource Consumption in trim-newlines',
57 silly audit report       severity: 'high',
57 silly audit report       vulnerable_versions: '<3.0.1',
57 silly audit report       cwe: [Array],
57 silly audit report       cvss: [Object]
57 silly audit report     }
57 silly audit report   ],
57 silly audit report   'underscore.string': [
57 silly audit report     {
57 silly audit report       id: 1085693,
57 silly audit report       url: 'https://github.com/advisories/GHSA-v2p6-4mp7-3r9v',
57 silly audit report       title: 'Regular Expression Denial of Service in underscore.string',
57 silly audit report       severity: 'moderate',
57 silly audit report       vulnerable_versions: '<3.3.5',
57 silly audit report       cwe: [Array],
57 silly audit report       cvss: [Object]
57 silly audit report     }
57 silly audit report   ],
57 silly audit report   'url-regex': [
57 silly audit report     {
57 silly audit report       id: 1087482,
57 silly audit report       url: 'https://github.com/advisories/GHSA-v4rh-8p82-6h5w',
57 silly audit report       title: 'Regular expression denial of service in url-regex',
57 silly audit report       severity: 'high',
57 silly audit report       vulnerable_versions: '<=5.0.0',
57 silly audit report       cwe: [Array],
57 silly audit report       cvss: [Object]
57 silly audit report     }
57 silly audit report   ]
57 silly audit report }
58 timing metavuln:cache:get:security-advisory:deep-extend:se4cJjFIPaShOnIVmMgHQD959UkSGU5SY1MSjU3kzOUYeAq8SFE8WoTfHkwfo48jFG6TzDdjSu5hs+MRFAxk8g== Completed in 75ms
59 timing metavuln:cache:get:security-advisory:lodash:RG6w82olMlcP7OXPpm7W2MA3XLR9qBYbITBoBJqAprO2GZ9WJHw2D2yq4rN+FV9j7Uy152ZiJtkoHDVATaz+NQ== Completed in 71ms
60 timing metavuln:cache:get:security-advisory:bl:x1uleWgiqQ+5AzKhi1SXdrF6nkavY2xfiBfWhiUPp7x5DKrf3ZGg0b6YL7+QOcntZGy95mEZNyBoPfZ1u9Ba3Q== Completed in 77ms
61 timing metavuln:cache:get:security-advisory:diff:yD2IveC+N+NNFzWVlTrJqUBcTZmKhYSUyjHEKaG0X0RoA/H30SoQShQcxISPo3GcfrqZrwQWHxuKBcaIMu9QQA== Completed in 77ms
62 timing metavuln:cache:get:security-advisory:lodash:1ESSn2/llnZvigCli5jk2BADLsdq48Fr81fmC2iEBLbnRVlbb7z+JJyjtz7a8niu5pZMs5wEqP7yO/TjbUGjbA== Completed in 75ms
63 timing metavuln:cache:get:security-advisory:lodash:BTsSfMKOVCkJHADJIBvofERQX3hsQNMSVyrPPP/DBe1HglNnL3QFcljQNYP09hO6jtzNwDBveuodXrKGxbOJgA== Completed in 76ms
64 timing metavuln:cache:get:security-advisory:lodash:OFx2ksccnYSqllDXM5848w2bbZj+jnbc0qxXfTbK2uFeujc4Vxx9SemYOCaZ6nKdKpavajr0d2lOAy4E5jIDVQ== Completed in 75ms
65 timing metavuln:cache:get:security-advisory:lodash:pQYGJnllDKG09/Xb9fWLGz/Oguy8I+R1hrSb4zIK+KE2Ar3vkkVS26Rhb8JXINRZzzlitMLaqbACchMOsU3EWA== Completed in 75ms
66 timing metavuln:cache:get:security-advisory:lodash:xg0LH727vokuVisXwxxVE36mYxcXUI8uQGQtnUQWMHlLmbWU4FLjI5AtMSRnp1DSit+Sns7M7fAz6J5P06ChVA== Completed in 75ms
67 timing metavuln:cache:get:security-advisory:lodash:z4OmwVTxNqdHHjT70ulWhC4a60XZsd0G3z7J11M3EAisnP9UbbToxo9rEr1ixGgEbRN+O6ShJ+yNA/rrgj9z/w== Completed in 75ms
68 timing metavuln:cache:get:security-advisory:minimatch:a/YBKMWnC1RjfmbMvQKhW05L2MZq82xsgtRIPjxsDW5x6cO2bd0CDBuZk2IgTl0378r8SOPWHBM1pvpWCuSz3A== Completed in 74ms
69 timing metavuln:cache:get:security-advisory:minimatch:T8VrYSY3/XjenEjIYwVvVrQncYSiCCRWjgo0M5EwnosQ9Xl/Ew9bD2g+Z7IY3a8TaLPm3OKm6OPcwuiU/33aWA== Completed in 76ms
70 timing metavuln:cache:get:security-advisory:got:6RwqOtyKHRfIYfVtDkU86+jmAkm03OLYFGvOQUWcpuzfU8h8RNz3w5ZFTGeJ+8QNC0jGK3xFL9UvdqMN+kLCrg== Completed in 74ms
71 timing metavuln:cache:get:security-advisory:minimist:Hc8JLxotc7rpM7zlBkBIXl814LFqQn9XiPxlIC6bd8i+f/iyzWPbacSaagSenc6xVws5/AnXiohINoiLEgfxuA== Completed in 73ms
72 timing metavuln:cache:get:security-advisory:trim-newlines:3mFPdFJj9IUOY8tDfV99DFbALx0XxxezA1RPLOQCle9u4B0qJ22tYAn+YmFP1khjUPZVgpNrPT0m69xJfYIBMA== Completed in 70ms
73 timing metavuln:cache:get:security-advisory:nunjucks:Fg+SAu3EzxtkOPMr5E70xUi2FhmVdpm+oXrTj3e6XzapiECBmx7IJ91p17YwIn7qDzzW5xC6nK53COYCfXJsEw== Completed in 72ms
74 timing metavuln:cache:get:security-advisory:shelljs:r2abT2eXQ5LaXM5RnJ98a+1J+203Cqko0KImMPLHPAiYl30iAmAIUOmVAaIbqgHYXno1CLDXidSrzyXbpFFKgA== Completed in 70ms
75 timing metavuln:cache:get:security-advisory:minimist:RxR/U9wHoc2s2CyEY79xypf3CRi14Lj4v5OTym3KXMvyw0qr5KB67z7KyEpnSLvB99FlqMZgs1b/uky2uDY0Iw== Completed in 73ms
76 timing metavuln:cache:get:security-advisory:shelljs:3tTSZASD4fxodSqOFFbMp1TFhtaCd5L33AojR8OzawkZtKQkekjNAktlmdjO+aBi7LEsjdyD5SUuASX6119u4w== Completed in 73ms
77 timing metavuln:cache:get:security-advisory:underscore.string:NqurmmQCQE6w8Q/QSTMBUvpVozdAy3ZGshGEwNaHXq14AguQnRays27y0RutkP4XQt4hBPwO/uZ+Ny3/LR3yEw== Completed in 72ms
78 timing metavuln:cache:get:security-advisory:url-regex:tlTtlXVwHNTLh7r0Mzz5G5Q8YHK+tmzsyJvjDQ1m2JAtUQksXDh3uTOqHzaqVW8TBv1Gw3RHg5jLdIbsbyvZWg== Completed in 72ms
79 http fetch GET 200 https://registry.npmjs.org/bl 96ms (cache miss)
80 timing metavuln:packument:bl Completed in 99ms
81 timing metavuln:load:security-advisory:bl:1090072 Completed in 1ms
82 timing metavuln:calculate:security-advisory:bl:1090072 Completed in 101ms
83 http fetch GET 200 https://registry.npmjs.org/deep-extend 170ms (cache miss)
84 timing metavuln:packument:deep-extend Completed in 171ms
85 timing metavuln:load:security-advisory:deep-extend:1087740 Completed in 0ms
86 timing metavuln:calculate:security-advisory:deep-extend:1087740 Completed in 173ms
87 http fetch GET 200 https://registry.npmjs.org/diff 171ms (cache miss)
88 timing metavuln:packument:diff Completed in 172ms
89 timing metavuln:load:security-advisory:diff:1085700 Completed in 0ms
90 timing metavuln:calculate:security-advisory:diff:1085700 Completed in 172ms
91 http fetch GET 200 https://registry.npmjs.org/minimatch 168ms (cache miss)
92 timing metavuln:packument:minimatch Completed in 171ms
93 timing metavuln:load:security-advisory:minimatch:1088664 Completed in 0ms
94 timing metavuln:calculate:security-advisory:minimatch:1088664 Completed in 172ms
95 timing metavuln:load:security-advisory:minimatch:1090968 Completed in 4ms
96 timing metavuln:calculate:security-advisory:minimatch:1090968 Completed in 174ms
97 http fetch GET 200 https://registry.npmjs.org/lodash 177ms (cache miss)
98 timing metavuln:packument:lodash Completed in 179ms
99 timing metavuln:load:security-advisory:lodash:1089550 Completed in 4ms
100 timing metavuln:calculate:security-advisory:lodash:1089550 Completed in 183ms
101 timing metavuln:load:security-advisory:lodash:1090101 Completed in 1ms
102 timing metavuln:calculate:security-advisory:lodash:1090101 Completed in 183ms
103 timing metavuln:load:security-advisory:lodash:1089056 Completed in 7ms
104 timing metavuln:calculate:security-advisory:lodash:1089056 Completed in 190ms
105 timing metavuln:load:security-advisory:lodash:1089058 Completed in 1ms
106 timing metavuln:calculate:security-advisory:lodash:1089058 Completed in 191ms
107 timing metavuln:load:security-advisory:lodash:1085674 Completed in 1ms
108 timing metavuln:calculate:security-advisory:lodash:1085674 Completed in 191ms
109 timing metavuln:load:security-advisory:lodash:1087627 Completed in 1ms
110 timing metavuln:calculate:security-advisory:lodash:1087627 Completed in 192ms
111 timing metavuln:load:security-advisory:lodash:1087663 Completed in 6ms
112 timing metavuln:calculate:security-advisory:lodash:1087663 Completed in 198ms
113 http fetch GET 200 https://registry.npmjs.org/minimist 234ms (cache miss)
114 timing metavuln:packument:minimist Completed in 234ms
115 timing metavuln:load:security-advisory:minimist:1090098 Completed in 1ms
116 timing metavuln:calculate:security-advisory:minimist:1090098 Completed in 236ms
117 timing metavuln:load:security-advisory:minimist:1088730 Completed in 0ms
118 timing metavuln:calculate:security-advisory:minimist:1088730 Completed in 235ms
119 http fetch GET 200 https://registry.npmjs.org/underscore.string 247ms (cache miss)
120 timing metavuln:packument:underscore.string Completed in 249ms
121 timing metavuln:load:security-advisory:underscore.string:1085693 Completed in 7ms
122 timing metavuln:calculate:security-advisory:underscore.string:1085693 Completed in 256ms
123 http fetch GET 200 https://registry.npmjs.org/url-regex 254ms (cache miss)
124 timing metavuln:packument:url-regex Completed in 256ms
125 timing metavuln:load:security-advisory:url-regex:1087482 Completed in 0ms
126 timing metavuln:calculate:security-advisory:url-regex:1087482 Completed in 256ms
127 http fetch GET 200 https://registry.npmjs.org/trim-newlines 261ms (cache miss)
128 timing metavuln:packument:trim-newlines Completed in 270ms
129 timing metavuln:load:security-advisory:trim-newlines:1089490 Completed in 0ms
130 timing metavuln:calculate:security-advisory:trim-newlines:1089490 Completed in 270ms
131 http fetch GET 200 https://registry.npmjs.org/shelljs 270ms (cache miss)
132 timing metavuln:packument:shelljs Completed in 272ms
133 timing metavuln:load:security-advisory:shelljs:1088208 Completed in 0ms
134 timing metavuln:calculate:security-advisory:shelljs:1088208 Completed in 272ms
135 timing metavuln:load:security-advisory:shelljs:1090457 Completed in 0ms
136 timing metavuln:calculate:security-advisory:shelljs:1090457 Completed in 272ms
137 http fetch GET 200 https://registry.npmjs.org/got 282ms (cache miss)
138 timing metavuln:packument:got Completed in 287ms
139 timing metavuln:load:security-advisory:got:1088948 Completed in 7ms
140 timing metavuln:calculate:security-advisory:got:1088948 Completed in 294ms
141 http fetch GET 200 https://registry.npmjs.org/nunjucks 295ms (cache miss)
142 timing metavuln:packument:nunjucks Completed in 297ms
143 timing metavuln:load:security-advisory:nunjucks:1090961 Completed in 0ms
144 timing metavuln:calculate:security-advisory:nunjucks:1090961 Completed in 298ms
145 timing metavuln:cache:get:security-advisory:tar-stream:WzV/IPtCLUSpVJfHQf4WcQFHxO49iKzagKJpWRo6UBRtCYfOiItfm+N6Vj2iy1VQ8yz73VU/mZt/XvgsI56zQw== Completed in 9ms
146 http fetch GET 200 https://registry.npmjs.org/tar-stream 32ms (cache miss)
147 timing metavuln:packument:tar-stream Completed in 33ms
148 timing metavuln:load:security-advisory:tar-stream:x1uleWgiqQ+5AzKhi1SXdrF6nkavY2xfiBfWhiUPp7x5DKrf3ZGg0b6YL7+QOcntZGy95mEZNyBoPfZ1u9Ba3Q== Completed in 0ms
149 timing metavuln:calculate:security-advisory:tar-stream:x1uleWgiqQ+5AzKhi1SXdrF6nkavY2xfiBfWhiUPp7x5DKrf3ZGg0b6YL7+QOcntZGy95mEZNyBoPfZ1u9Ba3Q== Completed in 36ms
150 timing metavuln:cache:get:security-advisory:rc:AKwSnJhtCUlvCt/7vqcIKoXFPu5dkU4j7Tna43c6Nu2TkCRfmnZXkE/Nw4IDBzku8HnSIsr2pcFkv+pMQyBgOw== Completed in 5ms
151 http fetch GET 200 https://registry.npmjs.org/rc 35ms (cache miss)
152 timing metavuln:packument:rc Completed in 36ms
153 timing metavuln:load:security-advisory:rc:se4cJjFIPaShOnIVmMgHQD959UkSGU5SY1MSjU3kzOUYeAq8SFE8WoTfHkwfo48jFG6TzDdjSu5hs+MRFAxk8g== Completed in 1ms
154 timing metavuln:calculate:security-advisory:rc:se4cJjFIPaShOnIVmMgHQD959UkSGU5SY1MSjU3kzOUYeAq8SFE8WoTfHkwfo48jFG6TzDdjSu5hs+MRFAxk8g== Completed in 37ms
155 timing metavuln:cache:get:security-advisory:yeoman-generator:jGfRhGI19w+7PsPd4REFUmqSm1pl2xeB1hk2cD0NEjFB85HEaqQeAJrMXFxSMkzD2dUf3vhq9KmPFie1atwqUw== Completed in 7ms
156 timing metavuln:cache:get:security-advisory:yeoman-environment:KnwPCLpDZ/xxhw7Q62hiKsf67qPCnby1l12VTzv7bXI8uqdozrKWnUs6jRKRwhpIo/5+ilqsu7eb1Jx4nTVbpw== Completed in 6ms
157 http fetch GET 200 https://registry.npmjs.org/yeoman-generator 79ms (cache miss)
158 timing metavuln:packument:yeoman-generator Completed in 86ms
159 timing metavuln:load:security-advisory:yeoman-generator:yD2IveC+N+NNFzWVlTrJqUBcTZmKhYSUyjHEKaG0X0RoA/H30SoQShQcxISPo3GcfrqZrwQWHxuKBcaIMu9QQA== Completed in 5ms
160 timing metavuln:calculate:security-advisory:yeoman-generator:yD2IveC+N+NNFzWVlTrJqUBcTZmKhYSUyjHEKaG0X0RoA/H30SoQShQcxISPo3GcfrqZrwQWHxuKBcaIMu9QQA== Completed in 91ms
161 http fetch GET 200 https://registry.npmjs.org/yeoman-environment 95ms (cache miss)
162 timing metavuln:packument:yeoman-environment Completed in 98ms
163 timing metavuln:load:security-advisory:yeoman-environment:yD2IveC+N+NNFzWVlTrJqUBcTZmKhYSUyjHEKaG0X0RoA/H30SoQShQcxISPo3GcfrqZrwQWHxuKBcaIMu9QQA== Completed in 1ms
164 timing metavuln:calculate:security-advisory:yeoman-environment:yD2IveC+N+NNFzWVlTrJqUBcTZmKhYSUyjHEKaG0X0RoA/H30SoQShQcxISPo3GcfrqZrwQWHxuKBcaIMu9QQA== Completed in 99ms
165 timing metavuln:cache:get:security-advisory:globule:4rg/XuegxeLP5/zBsxdBjbGA+5kQBdyPYHbTgA/AHLEFWWTFXb7PprAmE0DPWluG+ZEy3kZTm3h6ATHZpfQAwQ== Completed in 28ms
166 timing metavuln:cache:get:security-advisory:ast-query:L85xg5xiHV0DodRc5/zvzyU67/rpjFpPDich45yit/J8OBAanI5/ur18rsoO4Fcsn/sTqA8HcUpH/ifpA6EIIw== Completed in 26ms
167 timing metavuln:cache:get:security-advisory:inquirer:PlsSX472t+zf5EqUtz2fCrJzXxyJF1JkqEzDXYSERQVWDwZpFWsid2YqLfe2+Hm1yppU025CYP24bQJkjF3lTA== Completed in 28ms
168 timing metavuln:cache:get:security-advisory:cheerio:5Ds9Ev33tpon2xp2C5OrOiMgJbQG0G7W1U+eNTs1BxqFuGPJwlgOdBHliZ5I9IoVDhlEZpRUlDaOw+rhYSiuOg== Completed in 26ms
169 timing metavuln:cache:get:security-advisory:file-utils:dV7N+fjvXaYT9rwsrhja3lCCVpm7njurSidiTjVoSsjsH3i5nur6tiX8cdua4y9nVvVdm+u3ENQEYJDtUwGKWA== Completed in 25ms
170 timing metavuln:cache:get:security-advisory:generator-ng-factory:WkNH0XsvQ4bmQJUEH9KlF944m/M9BhRvYwCv4vy0REQrVXQ/UNTtmnJpX11W0cmyoVvW8cbWK3bitAti1svciA== Completed in 24ms
171 timing metavuln:cache:get:security-advisory:ng-cli:tg+/Aot/vbUqp7XtDbDPf0gXMEGsymyEnj6h6oTCzDzu0Fvdtr1IoshtyjIC+6Z6JUXtdhud6HIuD/44lD+URw== Completed in 23ms
172 timing metavuln:cache:get:security-advisory:yeoman-generator:kwxqCNm2qaEXR7PelC4WrVw6iR4Oz5aWHRHKqU/qBPqc1RIx82p5H/6p8XhML7JT8hy+AnONeboJGm7FsCsaMQ== Completed in 19ms
173 timing metavuln:load:security-advisory:yeoman-generator:RG6w82olMlcP7OXPpm7W2MA3XLR9qBYbITBoBJqAprO2GZ9WJHw2D2yq4rN+FV9j7Uy152ZiJtkoHDVATaz+NQ== Completed in 3ms
174 timing metavuln:calculate:security-advisory:yeoman-generator:RG6w82olMlcP7OXPpm7W2MA3XLR9qBYbITBoBJqAprO2GZ9WJHw2D2yq4rN+FV9j7Uy152ZiJtkoHDVATaz+NQ== Completed in 22ms
175 timing metavuln:cache:get:security-advisory:gruntfile-editor:RjdWpFfoqFh/p93B+jNhfzuqBi2ETHmYPI/RfG5Ui72Akg6WgN9i6g2QWbqHymAOk/SMwm7/MpsGFkuQrDj5HQ== Completed in 27ms
176 timing metavuln:cache:get:security-advisory:yeoman-assert:Z1pn6oM+zByIG5LpfXLoGRndnwr16wfMM3dq0jsBUdn7k5SePl+PnHkz2fdfW+ERRLTgKAzV/KZXT4xccGLdfA== Completed in 23ms
177 timing metavuln:cache:get:security-advisory:mem-fs-editor:SYQtJZMujgPspl/jRAfFRg3ROAXijKwiHQOHGQJfgXR5i5ZijtLivS1EDd888TI0qmqBHvnrpSDJAS0rNu+/8w== Completed in 22ms
178 http fetch GET 200 https://registry.npmjs.org/globule 108ms (cache miss)
179 timing metavuln:packument:globule Completed in 109ms
180 timing metavuln:load:security-advisory:globule:RG6w82olMlcP7OXPpm7W2MA3XLR9qBYbITBoBJqAprO2GZ9WJHw2D2yq4rN+FV9j7Uy152ZiJtkoHDVATaz+NQ== Completed in 0ms
181 timing metavuln:calculate:security-advisory:globule:RG6w82olMlcP7OXPpm7W2MA3XLR9qBYbITBoBJqAprO2GZ9WJHw2D2yq4rN+FV9j7Uy152ZiJtkoHDVATaz+NQ== Completed in 109ms
182 http fetch GET 200 https://registry.npmjs.org/mem-fs-editor 98ms (cache miss)
183 timing metavuln:packument:mem-fs-editor Completed in 100ms
184 timing metavuln:load:security-advisory:mem-fs-editor:RG6w82olMlcP7OXPpm7W2MA3XLR9qBYbITBoBJqAprO2GZ9WJHw2D2yq4rN+FV9j7Uy152ZiJtkoHDVATaz+NQ== Completed in 0ms
185 timing metavuln:calculate:security-advisory:mem-fs-editor:RG6w82olMlcP7OXPpm7W2MA3XLR9qBYbITBoBJqAprO2GZ9WJHw2D2yq4rN+FV9j7Uy152ZiJtkoHDVATaz+NQ== Completed in 100ms
186 http fetch GET 200 https://registry.npmjs.org/cheerio 107ms (cache miss)
187 timing metavuln:packument:cheerio Completed in 110ms
188 timing metavuln:load:security-advisory:cheerio:RG6w82olMlcP7OXPpm7W2MA3XLR9qBYbITBoBJqAprO2GZ9WJHw2D2yq4rN+FV9j7Uy152ZiJtkoHDVATaz+NQ== Completed in 0ms
189 timing metavuln:calculate:security-advisory:cheerio:RG6w82olMlcP7OXPpm7W2MA3XLR9qBYbITBoBJqAprO2GZ9WJHw2D2yq4rN+FV9j7Uy152ZiJtkoHDVATaz+NQ== Completed in 110ms
190 http fetch GET 200 https://registry.npmjs.org/ng-cli 103ms (cache miss)
191 timing metavuln:packument:ng-cli Completed in 106ms
192 timing metavuln:load:security-advisory:ng-cli:RG6w82olMlcP7OXPpm7W2MA3XLR9qBYbITBoBJqAprO2GZ9WJHw2D2yq4rN+FV9j7Uy152ZiJtkoHDVATaz+NQ== Completed in 0ms
193 timing metavuln:calculate:security-advisory:ng-cli:RG6w82olMlcP7OXPpm7W2MA3XLR9qBYbITBoBJqAprO2GZ9WJHw2D2yq4rN+FV9j7Uy152ZiJtkoHDVATaz+NQ== Completed in 106ms
194 http fetch GET 200 https://registry.npmjs.org/generator-ng-factory 108ms (cache miss)
195 timing metavuln:packument:generator-ng-factory Completed in 109ms
196 timing metavuln:load:security-advisory:generator-ng-factory:RG6w82olMlcP7OXPpm7W2MA3XLR9qBYbITBoBJqAprO2GZ9WJHw2D2yq4rN+FV9j7Uy152ZiJtkoHDVATaz+NQ== Completed in 0ms
197 timing metavuln:calculate:security-advisory:generator-ng-factory:RG6w82olMlcP7OXPpm7W2MA3XLR9qBYbITBoBJqAprO2GZ9WJHw2D2yq4rN+FV9j7Uy152ZiJtkoHDVATaz+NQ== Completed in 109ms
198 http fetch GET 200 https://registry.npmjs.org/gruntfile-editor 108ms (cache miss)
199 timing metavuln:packument:gruntfile-editor Completed in 109ms
200 timing metavuln:load:security-advisory:gruntfile-editor:RG6w82olMlcP7OXPpm7W2MA3XLR9qBYbITBoBJqAprO2GZ9WJHw2D2yq4rN+FV9j7Uy152ZiJtkoHDVATaz+NQ== Completed in 0ms
201 timing metavuln:calculate:security-advisory:gruntfile-editor:RG6w82olMlcP7OXPpm7W2MA3XLR9qBYbITBoBJqAprO2GZ9WJHw2D2yq4rN+FV9j7Uy152ZiJtkoHDVATaz+NQ== Completed in 109ms
202 http fetch GET 200 https://registry.npmjs.org/inquirer 114ms (cache miss)
203 timing metavuln:packument:inquirer Completed in 119ms
204 timing metavuln:load:security-advisory:inquirer:RG6w82olMlcP7OXPpm7W2MA3XLR9qBYbITBoBJqAprO2GZ9WJHw2D2yq4rN+FV9j7Uy152ZiJtkoHDVATaz+NQ== Completed in 0ms
205 timing metavuln:calculate:security-advisory:inquirer:RG6w82olMlcP7OXPpm7W2MA3XLR9qBYbITBoBJqAprO2GZ9WJHw2D2yq4rN+FV9j7Uy152ZiJtkoHDVATaz+NQ== Completed in 119ms
206 http fetch GET 200 https://registry.npmjs.org/file-utils 116ms (cache miss)
207 timing metavuln:packument:file-utils Completed in 118ms
208 timing metavuln:load:security-advisory:file-utils:RG6w82olMlcP7OXPpm7W2MA3XLR9qBYbITBoBJqAprO2GZ9WJHw2D2yq4rN+FV9j7Uy152ZiJtkoHDVATaz+NQ== Completed in 0ms
209 timing metavuln:calculate:security-advisory:file-utils:RG6w82olMlcP7OXPpm7W2MA3XLR9qBYbITBoBJqAprO2GZ9WJHw2D2yq4rN+FV9j7Uy152ZiJtkoHDVATaz+NQ== Completed in 118ms
210 http fetch GET 200 https://registry.npmjs.org/ast-query 119ms (cache miss)
211 timing metavuln:packument:ast-query Completed in 121ms
212 timing metavuln:load:security-advisory:ast-query:RG6w82olMlcP7OXPpm7W2MA3XLR9qBYbITBoBJqAprO2GZ9WJHw2D2yq4rN+FV9j7Uy152ZiJtkoHDVATaz+NQ== Completed in 0ms
213 timing metavuln:calculate:security-advisory:ast-query:RG6w82olMlcP7OXPpm7W2MA3XLR9qBYbITBoBJqAprO2GZ9WJHw2D2yq4rN+FV9j7Uy152ZiJtkoHDVATaz+NQ== Completed in 121ms
214 http fetch GET 200 https://registry.npmjs.org/yeoman-assert 112ms (cache miss)
215 timing metavuln:packument:yeoman-assert Completed in 113ms
216 timing metavuln:load:security-advisory:yeoman-assert:RG6w82olMlcP7OXPpm7W2MA3XLR9qBYbITBoBJqAprO2GZ9WJHw2D2yq4rN+FV9j7Uy152ZiJtkoHDVATaz+NQ== Completed in 1ms
217 timing metavuln:calculate:security-advisory:yeoman-assert:RG6w82olMlcP7OXPpm7W2MA3XLR9qBYbITBoBJqAprO2GZ9WJHw2D2yq4rN+FV9j7Uy152ZiJtkoHDVATaz+NQ== Completed in 114ms
218 timing metavuln:cache:get:security-advisory:globule:COYZoNWFAf1uNGkfnkC7+7F4p7M0r4LLxJKTmTqa8kfNC0xT/c/ERhF6LVoySFgbqqypUM32xhWEb1ouYMvBqw== Completed in 11ms
219 timing metavuln:load:security-advisory:globule:T8VrYSY3/XjenEjIYwVvVrQncYSiCCRWjgo0M5EwnosQ9Xl/Ew9bD2g+Z7IY3a8TaLPm3OKm6OPcwuiU/33aWA== Completed in 0ms
220 timing metavuln:calculate:security-advisory:globule:T8VrYSY3/XjenEjIYwVvVrQncYSiCCRWjgo0M5EwnosQ9Xl/Ew9bD2g+Z7IY3a8TaLPm3OKm6OPcwuiU/33aWA== Completed in 11ms
221 timing metavuln:cache:get:security-advisory:glob:0hHJNCfxrs/Wtf9Bo48+VpDb4lhZtK1mwiXjNZbkXc7DTi2gjcga0knZY/pQv4Hl5oduM/YsDW7bTLJSlpjOpQ== Completed in 11ms
222 timing metavuln:cache:get:security-advisory:file-utils:LVlMIZUyFIsHsn6H1hJk0VtbGMvICRWKpTu8qK78e1JqKIpJPSm0AVD2kAql8DCc7KjliWaIA87ggocUjiNUGg== Completed in 11ms
223 timing metavuln:load:security-advisory:file-utils:T8VrYSY3/XjenEjIYwVvVrQncYSiCCRWjgo0M5EwnosQ9Xl/Ew9bD2g+Z7IY3a8TaLPm3OKm6OPcwuiU/33aWA== Completed in 0ms
224 timing metavuln:calculate:security-advisory:file-utils:T8VrYSY3/XjenEjIYwVvVrQncYSiCCRWjgo0M5EwnosQ9Xl/Ew9bD2g+Z7IY3a8TaLPm3OKm6OPcwuiU/33aWA== Completed in 11ms
225 timing metavuln:cache:get:security-advisory:glob-stream:jGDw+ht94mjvQ9eW53DqvDMVJ32U2aIU4001+Dr9QAvACPoC5tFMx4enlw/1bsyepzDGrcCWt4rOaZmKFpSjYA== Completed in 10ms
226 timing metavuln:cache:get:security-advisory:readdirp:3HSof75MCCESPphqzHU3YL1zBwJ/ptctAvitIlaOjDwB1j0Qm7JpUlU9tiE3G53bxH5nLUbiBEvQUryTBywKgg== Completed in 9ms
227 http fetch GET 200 https://registry.npmjs.org/readdirp 70ms (cache miss)
228 timing metavuln:packument:readdirp Completed in 71ms
229 timing metavuln:load:security-advisory:readdirp:T8VrYSY3/XjenEjIYwVvVrQncYSiCCRWjgo0M5EwnosQ9Xl/Ew9bD2g+Z7IY3a8TaLPm3OKm6OPcwuiU/33aWA== Completed in 9ms
230 timing metavuln:calculate:security-advisory:readdirp:T8VrYSY3/XjenEjIYwVvVrQncYSiCCRWjgo0M5EwnosQ9Xl/Ew9bD2g+Z7IY3a8TaLPm3OKm6OPcwuiU/33aWA== Completed in 80ms
231 http fetch GET 200 https://registry.npmjs.org/glob-stream 81ms (cache miss)
232 timing metavuln:packument:glob-stream Completed in 82ms
233 timing metavuln:load:security-advisory:glob-stream:T8VrYSY3/XjenEjIYwVvVrQncYSiCCRWjgo0M5EwnosQ9Xl/Ew9bD2g+Z7IY3a8TaLPm3OKm6OPcwuiU/33aWA== Completed in 0ms
234 timing metavuln:calculate:security-advisory:glob-stream:T8VrYSY3/XjenEjIYwVvVrQncYSiCCRWjgo0M5EwnosQ9Xl/Ew9bD2g+Z7IY3a8TaLPm3OKm6OPcwuiU/33aWA== Completed in 82ms
235 http fetch GET 200 https://registry.npmjs.org/glob 84ms (cache miss)
236 timing metavuln:packument:glob Completed in 85ms
237 timing metavuln:load:security-advisory:glob:T8VrYSY3/XjenEjIYwVvVrQncYSiCCRWjgo0M5EwnosQ9Xl/Ew9bD2g+Z7IY3a8TaLPm3OKm6OPcwuiU/33aWA== Completed in 0ms
238 timing metavuln:calculate:security-advisory:glob:T8VrYSY3/XjenEjIYwVvVrQncYSiCCRWjgo0M5EwnosQ9Xl/Ew9bD2g+Z7IY3a8TaLPm3OKm6OPcwuiU/33aWA== Completed in 86ms
239 timing metavuln:cache:get:security-advisory:github-username:IbytApuJZPwC1JrVvouDOXE+rLGBKFfXCNdmvowGij5JyZdb4QKm+aL6+qXA1nBJAy69b4J1pZa1poC4xBrQmw== Completed in 5ms
240 http fetch GET 200 https://registry.npmjs.org/github-username 36ms (cache miss)
241 timing metavuln:packument:github-username Completed in 38ms
242 timing metavuln:load:security-advisory:github-username:6RwqOtyKHRfIYfVtDkU86+jmAkm03OLYFGvOQUWcpuzfU8h8RNz3w5ZFTGeJ+8QNC0jGK3xFL9UvdqMN+kLCrg== Completed in 0ms
243 timing metavuln:calculate:security-advisory:github-username:6RwqOtyKHRfIYfVtDkU86+jmAkm03OLYFGvOQUWcpuzfU8h8RNz3w5ZFTGeJ+8QNC0jGK3xFL9UvdqMN+kLCrg== Completed in 38ms
244 timing metavuln:cache:get:security-advisory:optimist:RHcYV0GOc2QZK8AVfNVMnZarv8QTC0xy9TUHf2Me7GAvd6YZNUMeB3ujXkzU5kR8DN7ASk6x46yHbX1gtSfyBQ== Completed in 5ms
245 timing metavuln:cache:get:security-advisory:rc:ErH1pASoUERt82wAxQ3zQP/yDdGDPHI2IrOoTWN6yNOqoQ/5cmM2r+K8nkhsVut/8CX0xJFZNXEHG5qgYvf/lA== Completed in 4ms
246 timing metavuln:load:security-advisory:rc:Hc8JLxotc7rpM7zlBkBIXl814LFqQn9XiPxlIC6bd8i+f/iyzWPbacSaagSenc6xVws5/AnXiohINoiLEgfxuA== Completed in 1ms
247 timing metavuln:calculate:security-advisory:rc:Hc8JLxotc7rpM7zlBkBIXl814LFqQn9XiPxlIC6bd8i+f/iyzWPbacSaagSenc6xVws5/AnXiohINoiLEgfxuA== Completed in 5ms
248 http fetch GET 200 https://registry.npmjs.org/optimist 33ms (cache miss)
249 timing metavuln:packument:optimist Completed in 34ms
250 timing metavuln:load:security-advisory:optimist:Hc8JLxotc7rpM7zlBkBIXl814LFqQn9XiPxlIC6bd8i+f/iyzWPbacSaagSenc6xVws5/AnXiohINoiLEgfxuA== Completed in 1ms
251 timing metavuln:calculate:security-advisory:optimist:Hc8JLxotc7rpM7zlBkBIXl814LFqQn9XiPxlIC6bd8i+f/iyzWPbacSaagSenc6xVws5/AnXiohINoiLEgfxuA== Completed in 35ms
252 timing metavuln:cache:get:security-advisory:generator-ng-factory:d9t+fgfEFOTSmkHIcK//BDkEjl483NLNdxAHMlDxBfnm8IVrW6TyGRxZ5qr8HqNMCIHdCYHXoT+m4hPP7nujSg== Completed in 3ms
253 timing metavuln:load:security-advisory:generator-ng-factory:Fg+SAu3EzxtkOPMr5E70xUi2FhmVdpm+oXrTj3e6XzapiECBmx7IJ91p17YwIn7qDzzW5xC6nK53COYCfXJsEw== Completed in 0ms
254 timing metavuln:calculate:security-advisory:generator-ng-factory:Fg+SAu3EzxtkOPMr5E70xUi2FhmVdpm+oXrTj3e6XzapiECBmx7IJ91p17YwIn7qDzzW5xC6nK53COYCfXJsEw== Completed in 3ms
255 timing metavuln:cache:get:security-advisory:yeoman-generator:paFUw50/NEztfHkwwnbRL+1oP2dxg2ObUwj5Y2onGQ3au8dL5s7EqzEE1bj+ktG39x7Vy+FjOHjbgHPqfCx6mA== Completed in 2ms
256 timing metavuln:load:security-advisory:yeoman-generator:3tTSZASD4fxodSqOFFbMp1TFhtaCd5L33AojR8OzawkZtKQkekjNAktlmdjO+aBi7LEsjdyD5SUuASX6119u4w== Completed in 1ms
257 timing metavuln:calculate:security-advisory:yeoman-generator:3tTSZASD4fxodSqOFFbMp1TFhtaCd5L33AojR8OzawkZtKQkekjNAktlmdjO+aBi7LEsjdyD5SUuASX6119u4w== Completed in 4ms
258 timing metavuln:cache:get:security-advisory:meow:OGHorwC87j+SgFJ7UVRB0ch18e3LHSWtBo2k5a8kV8t/4LaXakHb8yaLtm5bAZCDWxihJ+QMtWgyTzGKZXQ2oA== Completed in 6ms
259 http fetch GET 200 https://registry.npmjs.org/meow 36ms (cache miss)
260 timing metavuln:packument:meow Completed in 39ms
261 timing metavuln:load:security-advisory:meow:3mFPdFJj9IUOY8tDfV99DFbALx0XxxezA1RPLOQCle9u4B0qJ22tYAn+YmFP1khjUPZVgpNrPT0m69xJfYIBMA== Completed in 11ms
262 timing metavuln:calculate:security-advisory:meow:3mFPdFJj9IUOY8tDfV99DFbALx0XxxezA1RPLOQCle9u4B0qJ22tYAn+YmFP1khjUPZVgpNrPT0m69xJfYIBMA== Completed in 50ms
263 timing metavuln:cache:get:security-advisory:yeoman-generator:DLUPfYc6mWtMlsKfS4pGrOKMRtOTLTm2gIcWALvsymYZGnnfhLA/garUkI6aMDdmFwph7f3Q6kfsFL1vhbQAYg== Completed in 2ms
264 timing metavuln:load:security-advisory:yeoman-generator:NqurmmQCQE6w8Q/QSTMBUvpVozdAy3ZGshGEwNaHXq14AguQnRays27y0RutkP4XQt4hBPwO/uZ+Ny3/LR3yEw== Completed in 2ms
265 timing metavuln:calculate:security-advisory:yeoman-generator:NqurmmQCQE6w8Q/QSTMBUvpVozdAy3ZGshGEwNaHXq14AguQnRays27y0RutkP4XQt4hBPwO/uZ+Ny3/LR3yEw== Completed in 4ms
266 timing metavuln:cache:get:security-advisory:generator-ng-factory:libjlA0qRZNiiNLon34JMqCFi4ac1bRrkr1a5Lqv0cllJNHb0wOqw4KZTIq1TID02fjansbWXt8PGm5klUj/mQ== Completed in 5ms
267 timing metavuln:load:security-advisory:generator-ng-factory:NqurmmQCQE6w8Q/QSTMBUvpVozdAy3ZGshGEwNaHXq14AguQnRays27y0RutkP4XQt4hBPwO/uZ+Ny3/LR3yEw== Completed in 0ms
268 timing metavuln:calculate:security-advisory:generator-ng-factory:NqurmmQCQE6w8Q/QSTMBUvpVozdAy3ZGshGEwNaHXq14AguQnRays27y0RutkP4XQt4hBPwO/uZ+Ny3/LR3yEw== Completed in 5ms
269 timing metavuln:cache:get:security-advisory:download:J5gmitu2e8kas0zU3Yi9yT4tC5Be19BMalioWUzZGps5k1kk9YR73CMofh1VPDqDdIdwclqSbv+RgBDEVeC6bQ== Completed in 5ms
270 http fetch GET 200 https://registry.npmjs.org/download 44ms (cache miss)
271 timing metavuln:packument:download Completed in 46ms
272 timing metavuln:load:security-advisory:download:tlTtlXVwHNTLh7r0Mzz5G5Q8YHK+tmzsyJvjDQ1m2JAtUQksXDh3uTOqHzaqVW8TBv1Gw3RHg5jLdIbsbyvZWg== Completed in 0ms
273 timing metavuln:calculate:security-advisory:download:tlTtlXVwHNTLh7r0Mzz5G5Q8YHK+tmzsyJvjDQ1m2JAtUQksXDh3uTOqHzaqVW8TBv1Gw3RHg5jLdIbsbyvZWg== Completed in 47ms
274 timing metavuln:cache:get:security-advisory:decompress-tar:m9p4WG2dWOXMn4L/usJ9uYn+ny7ljhCukIo2wn71BIC29x4ujEcw7qfgIIyygEZxQCJPaMjKdZW1ClUnonUSCA== Completed in 7ms
275 timing metavuln:cache:get:security-advisory:decompress-tarbz2:x9sFJ7MjsHD8JWIoaJUzS6j0le9J8zethGCCeZAT7evsLhHFa1BZpi2iAL0Cw80oHRmk6zwOF5RSX8h6kTUs2A== Completed in 6ms
276 http fetch GET 200 https://registry.npmjs.org/decompress-tarbz2 36ms (cache miss)
277 timing metavuln:packument:decompress-tarbz2 Completed in 37ms
278 timing metavuln:load:security-advisory:decompress-tarbz2:WzV/IPtCLUSpVJfHQf4WcQFHxO49iKzagKJpWRo6UBRtCYfOiItfm+N6Vj2iy1VQ8yz73VU/mZt/XvgsI56zQw== Completed in 0ms
279 timing metavuln:calculate:security-advisory:decompress-tarbz2:WzV/IPtCLUSpVJfHQf4WcQFHxO49iKzagKJpWRo6UBRtCYfOiItfm+N6Vj2iy1VQ8yz73VU/mZt/XvgsI56zQw== Completed in 37ms
280 http fetch GET 200 https://registry.npmjs.org/decompress-tar 40ms (cache miss)
281 timing metavuln:packument:decompress-tar Completed in 42ms
282 timing metavuln:load:security-advisory:decompress-tar:WzV/IPtCLUSpVJfHQf4WcQFHxO49iKzagKJpWRo6UBRtCYfOiItfm+N6Vj2iy1VQ8yz73VU/mZt/XvgsI56zQw== Completed in 0ms
283 timing metavuln:calculate:security-advisory:decompress-tar:WzV/IPtCLUSpVJfHQf4WcQFHxO49iKzagKJpWRo6UBRtCYfOiItfm+N6Vj2iy1VQ8yz73VU/mZt/XvgsI56zQw== Completed in 44ms
284 timing metavuln:cache:get:security-advisory:download:8O4ig49wG/0JVEAoDR6KtM4knp6RSNrV/78818ghdxk9nT507/QFsEPpLlHsGuVhB8KFG7OL02LAyHIi02z1aA== Completed in 35ms
285 timing metavuln:load:security-advisory:download:AKwSnJhtCUlvCt/7vqcIKoXFPu5dkU4j7Tna43c6Nu2TkCRfmnZXkE/Nw4IDBzku8HnSIsr2pcFkv+pMQyBgOw== Completed in 0ms
286 timing metavuln:calculate:security-advisory:download:AKwSnJhtCUlvCt/7vqcIKoXFPu5dkU4j7Tna43c6Nu2TkCRfmnZXkE/Nw4IDBzku8HnSIsr2pcFkv+pMQyBgOw== Completed in 35ms
287 timing metavuln:cache:get:security-advisory:generator-ng-factory:nyHV5JQ4cFx9czrTJxwEjAK4UVh5Vt5aHLeI6wR6sLaeYuvuxtnvbyHczLfRkpaLYnj51D3B14y+YANxPOms2g== Completed in 8ms
288 timing metavuln:load:security-advisory:generator-ng-factory:jGfRhGI19w+7PsPd4REFUmqSm1pl2xeB1hk2cD0NEjFB85HEaqQeAJrMXFxSMkzD2dUf3vhq9KmPFie1atwqUw== Completed in 1ms
289 timing metavuln:calculate:security-advisory:generator-ng-factory:jGfRhGI19w+7PsPd4REFUmqSm1pl2xeB1hk2cD0NEjFB85HEaqQeAJrMXFxSMkzD2dUf3vhq9KmPFie1atwqUw== Completed in 9ms
290 timing metavuln:cache:get:security-advisory:ng-cli:EcMcEWRjAiV1mAWjENZ0/c92rBj5lqcxkZemXLYopWz5j6p5RqqvffdEDAKcoRzHvz3mPpwQKqIQ4t6Xo5pSOA== Completed in 11ms
291 timing metavuln:load:security-advisory:ng-cli:jGfRhGI19w+7PsPd4REFUmqSm1pl2xeB1hk2cD0NEjFB85HEaqQeAJrMXFxSMkzD2dUf3vhq9KmPFie1atwqUw== Completed in 0ms
292 timing metavuln:calculate:security-advisory:ng-cli:jGfRhGI19w+7PsPd4REFUmqSm1pl2xeB1hk2cD0NEjFB85HEaqQeAJrMXFxSMkzD2dUf3vhq9KmPFie1atwqUw== Completed in 11ms
293 timing metavuln:cache:get:security-advisory:yeoman-generator:RDXq+Kwtm3Sp0QG8UkoVQk3pR8q8NwcoyhHxDw3961mBzDw/IsZJ5yFWicFxAWuDxUFP5Fyoza2KcN8iEZh8vg== Completed in 4ms
294 timing metavuln:load:security-advisory:yeoman-generator:KnwPCLpDZ/xxhw7Q62hiKsf67qPCnby1l12VTzv7bXI8uqdozrKWnUs6jRKRwhpIo/5+ilqsu7eb1Jx4nTVbpw== Completed in 0ms
295 timing metavuln:calculate:security-advisory:yeoman-generator:KnwPCLpDZ/xxhw7Q62hiKsf67qPCnby1l12VTzv7bXI8uqdozrKWnUs6jRKRwhpIo/5+ilqsu7eb1Jx4nTVbpw== Completed in 4ms
296 timing metavuln:cache:get:security-advisory:gaze:OTX69RZWxW8pEPZXtc82PdTnwIUVEmgbHRxkeCzc2XGsO8a0cedxMLMKQwf8a/TgLyAL8NtaKvQvBlx+HSrmfA== Completed in 5ms
297 http fetch GET 200 https://registry.npmjs.org/gaze 33ms (cache miss)
298 timing metavuln:packument:gaze Completed in 34ms
299 timing metavuln:load:security-advisory:gaze:4rg/XuegxeLP5/zBsxdBjbGA+5kQBdyPYHbTgA/AHLEFWWTFXb7PprAmE0DPWluG+ZEy3kZTm3h6ATHZpfQAwQ== Completed in 0ms
300 timing metavuln:calculate:security-advisory:gaze:4rg/XuegxeLP5/zBsxdBjbGA+5kQBdyPYHbTgA/AHLEFWWTFXb7PprAmE0DPWluG+ZEy3kZTm3h6ATHZpfQAwQ== Completed in 35ms
301 timing metavuln:cache:get:security-advisory:yeoman-generator:P6wBLtQEXQIjiCDmgFHKMd3bfwdowTN2FWVNA4bwQokeYSVxzGxPZ9OQbX4p0ei35x37h02bA6F7ovvpD0ZtgQ== Completed in 2ms
302 timing metavuln:load:security-advisory:yeoman-generator:SYQtJZMujgPspl/jRAfFRg3ROAXijKwiHQOHGQJfgXR5i5ZijtLivS1EDd888TI0qmqBHvnrpSDJAS0rNu+/8w== Completed in 0ms
303 timing metavuln:calculate:security-advisory:yeoman-generator:SYQtJZMujgPspl/jRAfFRg3ROAXijKwiHQOHGQJfgXR5i5ZijtLivS1EDd888TI0qmqBHvnrpSDJAS0rNu+/8w== Completed in 3ms
304 timing metavuln:cache:get:security-advisory:yeoman-generator:Kr1lD06nmxasTc0UbF5vkct3T9t/v6Q3Haytz/1Z0Fvy4l+GraixMR8l1+EWVC4UY2s8WAMnLhGLIe1GV+6DUQ== Completed in 5ms
305 timing metavuln:load:security-advisory:yeoman-generator:5Ds9Ev33tpon2xp2C5OrOiMgJbQG0G7W1U+eNTs1BxqFuGPJwlgOdBHliZ5I9IoVDhlEZpRUlDaOw+rhYSiuOg== Completed in 1ms
306 timing metavuln:calculate:security-advisory:yeoman-generator:5Ds9Ev33tpon2xp2C5OrOiMgJbQG0G7W1U+eNTs1BxqFuGPJwlgOdBHliZ5I9IoVDhlEZpRUlDaOw+rhYSiuOg== Completed in 6ms
307 timing metavuln:cache:get:security-advisory:ng-cli:I6TxtDqv0resXOxarGd3xJL96Hv6jTAjVLkREOAdPF8FB3GQvPwD2NYFDfQzXzRSH45w7qbUSaG3u935ONUDaA== Completed in 3ms
308 timing metavuln:load:security-advisory:ng-cli:WkNH0XsvQ4bmQJUEH9KlF944m/M9BhRvYwCv4vy0REQrVXQ/UNTtmnJpX11W0cmyoVvW8cbWK3bitAti1svciA== Completed in 0ms
309 timing metavuln:calculate:security-advisory:ng-cli:WkNH0XsvQ4bmQJUEH9KlF944m/M9BhRvYwCv4vy0REQrVXQ/UNTtmnJpX11W0cmyoVvW8cbWK3bitAti1svciA== Completed in 3ms
310 timing metavuln:cache:get:security-advisory:yeoman-generator:F8Izo6QhuCFCFv4wb0inFwWmhAtYEMQv1z5Av31nVO8Kv+7xPwvHN7pNMpHfsT7vys5DMrtHcBsVyTAwzJSATg== Completed in 3ms
311 timing metavuln:load:security-advisory:yeoman-generator:RjdWpFfoqFh/p93B+jNhfzuqBi2ETHmYPI/RfG5Ui72Akg6WgN9i6g2QWbqHymAOk/SMwm7/MpsGFkuQrDj5HQ== Completed in 0ms
312 timing metavuln:calculate:security-advisory:yeoman-generator:RjdWpFfoqFh/p93B+jNhfzuqBi2ETHmYPI/RfG5Ui72Akg6WgN9i6g2QWbqHymAOk/SMwm7/MpsGFkuQrDj5HQ== Completed in 3ms
313 timing metavuln:cache:get:security-advisory:yeoman-generator:dtEUf1JJQZUNhaOlKfTOvMSEW+g2FUE16KjMM5bKkxRUSlJ/dGgAIzwkKMVwUBgsEXfk7yrhsGSdQw6IoxNRPA== Completed in 3ms
314 timing metavuln:load:security-advisory:yeoman-generator:PlsSX472t+zf5EqUtz2fCrJzXxyJF1JkqEzDXYSERQVWDwZpFWsid2YqLfe2+Hm1yppU025CYP24bQJkjF3lTA== Completed in 1ms
315 timing metavuln:calculate:security-advisory:yeoman-generator:PlsSX472t+zf5EqUtz2fCrJzXxyJF1JkqEzDXYSERQVWDwZpFWsid2YqLfe2+Hm1yppU025CYP24bQJkjF3lTA== Completed in 4ms
316 timing metavuln:cache:get:security-advisory:generator-ng-factory:UNy8DBhPWOW6z664U59oShuh09nfa0P6e2jTm3Sig8QL7+ZSnghFR4pu9w67tufiPTqZ/3M2UsfDGThcv+jQnw== Completed in 4ms
317 timing metavuln:load:security-advisory:generator-ng-factory:PlsSX472t+zf5EqUtz2fCrJzXxyJF1JkqEzDXYSERQVWDwZpFWsid2YqLfe2+Hm1yppU025CYP24bQJkjF3lTA== Completed in 5ms
318 timing metavuln:calculate:security-advisory:generator-ng-factory:PlsSX472t+zf5EqUtz2fCrJzXxyJF1JkqEzDXYSERQVWDwZpFWsid2YqLfe2+Hm1yppU025CYP24bQJkjF3lTA== Completed in 9ms
319 timing metavuln:cache:get:security-advisory:yeoman-generator:RmhCVSilNNtujuGFnTYazdgB5ZiDWWkBQ9/7Zr5PBPoamaaB6u+LwGWXrsz7e1Ua2ytFLJp0d1l6CW20RE4oDw== Completed in 3ms
320 timing metavuln:load:security-advisory:yeoman-generator:dV7N+fjvXaYT9rwsrhja3lCCVpm7njurSidiTjVoSsjsH3i5nur6tiX8cdua4y9nVvVdm+u3ENQEYJDtUwGKWA== Completed in 1ms
321 timing metavuln:calculate:security-advisory:yeoman-generator:dV7N+fjvXaYT9rwsrhja3lCCVpm7njurSidiTjVoSsjsH3i5nur6tiX8cdua4y9nVvVdm+u3ENQEYJDtUwGKWA== Completed in 4ms
322 timing metavuln:cache:get:security-advisory:gruntfile-editor:IJD69BK62WjOU8vkWadAZ6wHflvxnkB7ybl+f3Rr/FqselcqjUuxnA3H4HqnX0vmqTE/IsIqJECmqbwv6cIM8g== Completed in 2ms
323 timing metavuln:load:security-advisory:gruntfile-editor:L85xg5xiHV0DodRc5/zvzyU67/rpjFpPDich45yit/J8OBAanI5/ur18rsoO4Fcsn/sTqA8HcUpH/ifpA6EIIw== Completed in 0ms
324 timing metavuln:calculate:security-advisory:gruntfile-editor:L85xg5xiHV0DodRc5/zvzyU67/rpjFpPDich45yit/J8OBAanI5/ur18rsoO4Fcsn/sTqA8HcUpH/ifpA6EIIw== Completed in 2ms
325 timing metavuln:cache:get:security-advisory:yeoman-generator:6g8uYXzLYDIlS9XZyIJSch83GHMuf7xtMxzink0X1+21ynJm9mgRXuBgQU9Tc0z8hjGB8xIO69PtjC7B8n/yag== Completed in 2ms
326 timing metavuln:load:security-advisory:yeoman-generator:Z1pn6oM+zByIG5LpfXLoGRndnwr16wfMM3dq0jsBUdn7k5SePl+PnHkz2fdfW+ERRLTgKAzV/KZXT4xccGLdfA== Completed in 2ms
327 timing metavuln:calculate:security-advisory:yeoman-generator:Z1pn6oM+zByIG5LpfXLoGRndnwr16wfMM3dq0jsBUdn7k5SePl+PnHkz2fdfW+ERRLTgKAzV/KZXT4xccGLdfA== Completed in 4ms
328 timing metavuln:cache:get:security-advisory:chokidar:Ag3Fc67he1NXFB9MaNv82BioIDAqupQRNeBFrarZciXbki1b+1kMMC5Iz21uuj/oxYscoNLqq10Bf5fig6yocg== Completed in 5ms
329 http fetch GET 200 https://registry.npmjs.org/chokidar 50ms (cache miss)
330 timing metavuln:packument:chokidar Completed in 53ms
331 timing metavuln:load:security-advisory:chokidar:3HSof75MCCESPphqzHU3YL1zBwJ/ptctAvitIlaOjDwB1j0Qm7JpUlU9tiE3G53bxH5nLUbiBEvQUryTBywKgg== Completed in 1ms
332 timing metavuln:calculate:security-advisory:chokidar:3HSof75MCCESPphqzHU3YL1zBwJ/ptctAvitIlaOjDwB1j0Qm7JpUlU9tiE3G53bxH5nLUbiBEvQUryTBywKgg== Completed in 54ms
333 timing metavuln:cache:get:security-advisory:vinyl-fs:foWR0vN4XSp7W7v6v0n/bhYzrKNHCeFR2Wf9Glea+03vnjVQo44Zz6egNifaLl1gNsWwE9gDCSm27Zg55uyGng== Completed in 4ms
334 http fetch GET 200 https://registry.npmjs.org/vinyl-fs 29ms (cache miss)
335 timing metavuln:packument:vinyl-fs Completed in 32ms
336 timing metavuln:load:security-advisory:vinyl-fs:jGDw+ht94mjvQ9eW53DqvDMVJ32U2aIU4001+Dr9QAvACPoC5tFMx4enlw/1bsyepzDGrcCWt4rOaZmKFpSjYA== Completed in 0ms
337 timing metavuln:calculate:security-advisory:vinyl-fs:jGDw+ht94mjvQ9eW53DqvDMVJ32U2aIU4001+Dr9QAvACPoC5tFMx4enlw/1bsyepzDGrcCWt4rOaZmKFpSjYA== Completed in 32ms
338 timing metavuln:cache:get:security-advisory:findup-sync:bDC70hHhaOHErPyYjotltU39DcU5UoBRYb5j7F89uXqGGhYKdbTwyhmJTQLCQHq6sgh3EdeR/JiAxCFQtawhHQ== Completed in 7ms
339 timing metavuln:cache:get:security-advisory:file-utils:Zhv5eXiBNH6hYGF5z2/J8OkkY+9qf0wG/eru1opPR0PATyGnV1ph/n5AlVXfzP0cZmlsdYE4lSa0hDIJw/LyuA== Completed in 6ms
340 timing metavuln:load:security-advisory:file-utils:0hHJNCfxrs/Wtf9Bo48+VpDb4lhZtK1mwiXjNZbkXc7DTi2gjcga0knZY/pQv4Hl5oduM/YsDW7bTLJSlpjOpQ== Completed in 0ms
341 timing metavuln:calculate:security-advisory:file-utils:0hHJNCfxrs/Wtf9Bo48+VpDb4lhZtK1mwiXjNZbkXc7DTi2gjcga0knZY/pQv4Hl5oduM/YsDW7bTLJSlpjOpQ== Completed in 6ms
342 timing metavuln:cache:get:security-advisory:generator-ng-factory:cH40u9Svy6isMys3SI1i2k/ArCWHG/4GXxN2gr6b9IrAzMoRIEtT8XCT/ArWoLwK+JIPyjMMlA5U36bp40j9Mg== Completed in 6ms
343 timing metavuln:load:security-advisory:generator-ng-factory:0hHJNCfxrs/Wtf9Bo48+VpDb4lhZtK1mwiXjNZbkXc7DTi2gjcga0knZY/pQv4Hl5oduM/YsDW7bTLJSlpjOpQ== Completed in 0ms
344 timing metavuln:calculate:security-advisory:generator-ng-factory:0hHJNCfxrs/Wtf9Bo48+VpDb4lhZtK1mwiXjNZbkXc7DTi2gjcga0knZY/pQv4Hl5oduM/YsDW7bTLJSlpjOpQ== Completed in 7ms
345 timing metavuln:cache:get:security-advisory:glob-stream:1r8wKyp3we4u8JkN0m0zU6ALsYh2MGvISjeIddvOf5ddXT6qMqj84fahange7JH82qm+vE0vNgCMSRUcUNLojQ== Completed in 6ms
346 timing metavuln:load:security-advisory:glob-stream:0hHJNCfxrs/Wtf9Bo48+VpDb4lhZtK1mwiXjNZbkXc7DTi2gjcga0knZY/pQv4Hl5oduM/YsDW7bTLJSlpjOpQ== Completed in 0ms
347 timing metavuln:calculate:security-advisory:glob-stream:0hHJNCfxrs/Wtf9Bo48+VpDb4lhZtK1mwiXjNZbkXc7DTi2gjcga0knZY/pQv4Hl5oduM/YsDW7bTLJSlpjOpQ== Completed in 6ms
348 timing metavuln:cache:get:security-advisory:yeoman-generator:2BjMFa1keIjtE0tsrCL96j0qIxZXTamSJ3pMFBpfvetLKqAZre6TLyAe+uaK2kmrmjZ3D0rnbzCH2dYYwSKEbg== Completed in 7ms
349 timing metavuln:load:security-advisory:yeoman-generator:0hHJNCfxrs/Wtf9Bo48+VpDb4lhZtK1mwiXjNZbkXc7DTi2gjcga0knZY/pQv4Hl5oduM/YsDW7bTLJSlpjOpQ== Completed in 2ms
350 timing metavuln:calculate:security-advisory:yeoman-generator:0hHJNCfxrs/Wtf9Bo48+VpDb4lhZtK1mwiXjNZbkXc7DTi2gjcga0knZY/pQv4Hl5oduM/YsDW7bTLJSlpjOpQ== Completed in 9ms
351 timing metavuln:cache:get:security-advisory:globule:fbPUh2qHLDZfr31EDZC1wrUvt8+A6LV3odlQZffUChWTIrTNhrB+G9++mKEPXWRNW9Mw5K/3nKBviy9M4+6JLQ== Completed in 9ms
352 timing metavuln:load:security-advisory:globule:0hHJNCfxrs/Wtf9Bo48+VpDb4lhZtK1mwiXjNZbkXc7DTi2gjcga0knZY/pQv4Hl5oduM/YsDW7bTLJSlpjOpQ== Completed in 0ms
353 timing metavuln:calculate:security-advisory:globule:0hHJNCfxrs/Wtf9Bo48+VpDb4lhZtK1mwiXjNZbkXc7DTi2gjcga0knZY/pQv4Hl5oduM/YsDW7bTLJSlpjOpQ== Completed in 9ms
354 http fetch GET 200 https://registry.npmjs.org/findup-sync 34ms (cache miss)
355 timing metavuln:packument:findup-sync Completed in 35ms
356 timing metavuln:load:security-advisory:findup-sync:0hHJNCfxrs/Wtf9Bo48+VpDb4lhZtK1mwiXjNZbkXc7DTi2gjcga0knZY/pQv4Hl5oduM/YsDW7bTLJSlpjOpQ== Completed in 0ms
357 timing metavuln:calculate:security-advisory:findup-sync:0hHJNCfxrs/Wtf9Bo48+VpDb4lhZtK1mwiXjNZbkXc7DTi2gjcga0knZY/pQv4Hl5oduM/YsDW7bTLJSlpjOpQ== Completed in 35ms
358 timing metavuln:cache:get:security-advisory:yeoman-generator:78PjUowKmgO9+eHNC/IcBjjDWZm/Tlm/Md/NthT8VI0FisNtLZUVzxWsXgPIDMxm7PQ0heuUd1N64jp5ogWi9g== Completed in 4ms
359 timing metavuln:load:security-advisory:yeoman-generator:IbytApuJZPwC1JrVvouDOXE+rLGBKFfXCNdmvowGij5JyZdb4QKm+aL6+qXA1nBJAy69b4J1pZa1poC4xBrQmw== Completed in 0ms
360 timing metavuln:calculate:security-advisory:yeoman-generator:IbytApuJZPwC1JrVvouDOXE+rLGBKFfXCNdmvowGij5JyZdb4QKm+aL6+qXA1nBJAy69b4J1pZa1poC4xBrQmw== Completed in 4ms
361 timing metavuln:cache:get:security-advisory:nunjucks:LjC5ZHPfA+kUuNRAYNq+dZ1auQTTzPelkO4HasPNNaNlhxbcKY7QSbS6F/6ya1wt52geatByB08bNjjEycAy8w== Completed in 3ms
362 timing metavuln:load:security-advisory:nunjucks:RHcYV0GOc2QZK8AVfNVMnZarv8QTC0xy9TUHf2Me7GAvd6YZNUMeB3ujXkzU5kR8DN7ASk6x46yHbX1gtSfyBQ== Completed in 0ms
363 timing metavuln:calculate:security-advisory:nunjucks:RHcYV0GOc2QZK8AVfNVMnZarv8QTC0xy9TUHf2Me7GAvd6YZNUMeB3ujXkzU5kR8DN7ASk6x46yHbX1gtSfyBQ== Completed in 4ms
364 timing metavuln:cache:get:security-advisory:lpad-align:cHi0LDCKfhAlPLEO8PGGwTaMEwgBJD3RcyS0b5jfkdHPrmMqHOrIz01vtl80dS2ajbUC86Lj+ZPcZ3Ydl0xNlQ== Completed in 7ms
365 timing metavuln:cache:get:security-advisory:dateformat:NEROTatZgXsmQ6RbXJmrhCxuDoVSrrRMqoCZXpwnN2OFxa2sJI08SNqxF+opiBDNg0MmsGbDhh7yW8r79qgGag== Completed in 8ms
366 timing metavuln:cache:get:security-advisory:pretty-bytes:HC9ngBouiEkyD2kNUYIeCCZ/wk2f8TkD+9xDuOFoIOZneOp9eqK96eL/NUeBK/7pBpb1++uFcEngkxX37Vl6qw== Completed in 7ms
367 http fetch GET 200 https://registry.npmjs.org/dateformat 40ms (cache miss)
368 timing metavuln:packument:dateformat Completed in 42ms
369 timing metavuln:load:security-advisory:dateformat:OGHorwC87j+SgFJ7UVRB0ch18e3LHSWtBo2k5a8kV8t/4LaXakHb8yaLtm5bAZCDWxihJ+QMtWgyTzGKZXQ2oA== Completed in 0ms
370 timing metavuln:calculate:security-advisory:dateformat:OGHorwC87j+SgFJ7UVRB0ch18e3LHSWtBo2k5a8kV8t/4LaXakHb8yaLtm5bAZCDWxihJ+QMtWgyTzGKZXQ2oA== Completed in 42ms
371 http fetch GET 200 https://registry.npmjs.org/lpad-align 41ms (cache miss)
372 timing metavuln:packument:lpad-align Completed in 42ms
373 timing metavuln:load:security-advisory:lpad-align:OGHorwC87j+SgFJ7UVRB0ch18e3LHSWtBo2k5a8kV8t/4LaXakHb8yaLtm5bAZCDWxihJ+QMtWgyTzGKZXQ2oA== Completed in 0ms
374 timing metavuln:calculate:security-advisory:lpad-align:OGHorwC87j+SgFJ7UVRB0ch18e3LHSWtBo2k5a8kV8t/4LaXakHb8yaLtm5bAZCDWxihJ+QMtWgyTzGKZXQ2oA== Completed in 42ms
375 http fetch GET 200 https://registry.npmjs.org/pretty-bytes 40ms (cache miss)
376 timing metavuln:packument:pretty-bytes Completed in 42ms
377 timing metavuln:load:security-advisory:pretty-bytes:OGHorwC87j+SgFJ7UVRB0ch18e3LHSWtBo2k5a8kV8t/4LaXakHb8yaLtm5bAZCDWxihJ+QMtWgyTzGKZXQ2oA== Completed in 0ms
378 timing metavuln:calculate:security-advisory:pretty-bytes:OGHorwC87j+SgFJ7UVRB0ch18e3LHSWtBo2k5a8kV8t/4LaXakHb8yaLtm5bAZCDWxihJ+QMtWgyTzGKZXQ2oA== Completed in 42ms
379 timing metavuln:cache:get:security-advisory:yeoman-generator:Cy7OhV2K6G4tKx2+X/izGIXpXzxCUR5c3bwGdDG089oM83PjiTuEYPnZEyaFQ27LfBO8VN2HwRhS3a9PIJZc3w== Completed in 3ms
380 timing metavuln:load:security-advisory:yeoman-generator:J5gmitu2e8kas0zU3Yi9yT4tC5Be19BMalioWUzZGps5k1kk9YR73CMofh1VPDqDdIdwclqSbv+RgBDEVeC6bQ== Completed in 1ms
381 timing metavuln:calculate:security-advisory:yeoman-generator:J5gmitu2e8kas0zU3Yi9yT4tC5Be19BMalioWUzZGps5k1kk9YR73CMofh1VPDqDdIdwclqSbv+RgBDEVeC6bQ== Completed in 4ms
382 timing metavuln:cache:get:security-advisory:download:lXFyb09p3Kii6jIFLkjufWSEiEBrvkDFPoMZSg6ngAgRC3HhlIb8uLUbeMDUrjeCYzgXnmKagS8GeEK7QlHA5w== Completed in 3ms
383 timing metavuln:load:security-advisory:download:x9sFJ7MjsHD8JWIoaJUzS6j0le9J8zethGCCeZAT7evsLhHFa1BZpi2iAL0Cw80oHRmk6zwOF5RSX8h6kTUs2A== Completed in 0ms
384 timing metavuln:calculate:security-advisory:download:x9sFJ7MjsHD8JWIoaJUzS6j0le9J8zethGCCeZAT7evsLhHFa1BZpi2iAL0Cw80oHRmk6zwOF5RSX8h6kTUs2A== Completed in 3ms
385 timing metavuln:cache:get:security-advisory:download:vVdQ0xVNXeqJwscRyvT2oDAfsWvtkOGUvEPofd+zSSe8lkc4CLMomLaOKYDq/hljOyuBj+a8mz9cb+4QtICwlg== Completed in 3ms
386 timing metavuln:load:security-advisory:download:m9p4WG2dWOXMn4L/usJ9uYn+ny7ljhCukIo2wn71BIC29x4ujEcw7qfgIIyygEZxQCJPaMjKdZW1ClUnonUSCA== Completed in 0ms
387 timing metavuln:calculate:security-advisory:download:m9p4WG2dWOXMn4L/usJ9uYn+ny7ljhCukIo2wn71BIC29x4ujEcw7qfgIIyygEZxQCJPaMjKdZW1ClUnonUSCA== Completed in 3ms
388 timing metavuln:cache:get:security-advisory:glob-watcher:+rzaunOTpKyNCweASyk0V11P0xkhr0zD0rTyzCUkTA0AqXS8xDbPh+SJReUeyO9pp9jnPtA7RAGylovC08ORAg== Completed in 4ms
389 http fetch GET 200 https://registry.npmjs.org/glob-watcher 31ms (cache miss)
390 timing metavuln:packument:glob-watcher Completed in 32ms
391 timing metavuln:load:security-advisory:glob-watcher:OTX69RZWxW8pEPZXtc82PdTnwIUVEmgbHRxkeCzc2XGsO8a0cedxMLMKQwf8a/TgLyAL8NtaKvQvBlx+HSrmfA== Completed in 0ms
392 timing metavuln:calculate:security-advisory:glob-watcher:OTX69RZWxW8pEPZXtc82PdTnwIUVEmgbHRxkeCzc2XGsO8a0cedxMLMKQwf8a/TgLyAL8NtaKvQvBlx+HSrmfA== Completed in 32ms
393 timing metavuln:cache:get:security-advisory:nunjucks:VtG+sQTMK3A1JScycdyeKnDGTfW6YkgAjRCU/rEl8hEBWTabfQpMqgP367m/+0d+6qtMGnH6BLoEa3ETapSzPw== Completed in 3ms
394 timing metavuln:load:security-advisory:nunjucks:Ag3Fc67he1NXFB9MaNv82BioIDAqupQRNeBFrarZciXbki1b+1kMMC5Iz21uuj/oxYscoNLqq10Bf5fig6yocg== Completed in 0ms
395 timing metavuln:calculate:security-advisory:nunjucks:Ag3Fc67he1NXFB9MaNv82BioIDAqupQRNeBFrarZciXbki1b+1kMMC5Iz21uuj/oxYscoNLqq10Bf5fig6yocg== Completed in 4ms
396 timing metavuln:cache:get:security-advisory:download:nxrlvObyRX4i9ip6xKfNAP19xRqeBlnQRy+OGln3IrDaWXdt5zrN4mY8TKlcYI0V1JGfaTBDgQ1RlVjDQKV9RA== Completed in 3ms
397 timing metavuln:load:security-advisory:download:foWR0vN4XSp7W7v6v0n/bhYzrKNHCeFR2Wf9Glea+03vnjVQo44Zz6egNifaLl1gNsWwE9gDCSm27Zg55uyGng== Completed in 0ms
398 timing metavuln:calculate:security-advisory:download:foWR0vN4XSp7W7v6v0n/bhYzrKNHCeFR2Wf9Glea+03vnjVQo44Zz6egNifaLl1gNsWwE9gDCSm27Zg55uyGng== Completed in 3ms
399 timing metavuln:cache:get:security-advisory:yeoman-generator:zgddqPLi4sTKBAf5aSikmd6sn24JGMbjv0NWphZp9retpirruW7hngiouuCoHq2kTPuLNY6D6TitpQWs0uBwKQ== Completed in 2ms
400 timing metavuln:load:security-advisory:yeoman-generator:bDC70hHhaOHErPyYjotltU39DcU5UoBRYb5j7F89uXqGGhYKdbTwyhmJTQLCQHq6sgh3EdeR/JiAxCFQtawhHQ== Completed in 1ms
401 timing metavuln:calculate:security-advisory:yeoman-generator:bDC70hHhaOHErPyYjotltU39DcU5UoBRYb5j7F89uXqGGhYKdbTwyhmJTQLCQHq6sgh3EdeR/JiAxCFQtawhHQ== Completed in 3ms
402 timing metavuln:cache:get:security-advisory:file-utils:EP2k8gLYxZj4Bql+MIixPfl9YS24OJnXUeoKDI2C0A5lxyPDLfEQCFqZDAkajxR++OrKO7m6vrnYtp1QtebTyg== Completed in 3ms
403 timing metavuln:load:security-advisory:file-utils:bDC70hHhaOHErPyYjotltU39DcU5UoBRYb5j7F89uXqGGhYKdbTwyhmJTQLCQHq6sgh3EdeR/JiAxCFQtawhHQ== Completed in 1ms
404 timing metavuln:calculate:security-advisory:file-utils:bDC70hHhaOHErPyYjotltU39DcU5UoBRYb5j7F89uXqGGhYKdbTwyhmJTQLCQHq6sgh3EdeR/JiAxCFQtawhHQ== Completed in 4ms
405 timing metavuln:cache:get:security-advisory:vinyl-fs:h2wPNyaMEGPj9nLL4Q1V2Ek/99o0F3n/lRswRFJM4BqL5viNDkf7FPn+K6OYvJqtTopz6fhPv23z8T1AFu0LjQ== Completed in 2ms
406 timing metavuln:load:security-advisory:vinyl-fs:+rzaunOTpKyNCweASyk0V11P0xkhr0zD0rTyzCUkTA0AqXS8xDbPh+SJReUeyO9pp9jnPtA7RAGylovC08ORAg== Completed in 0ms
407 timing metavuln:calculate:security-advisory:vinyl-fs:+rzaunOTpKyNCweASyk0V11P0xkhr0zD0rTyzCUkTA0AqXS8xDbPh+SJReUeyO9pp9jnPtA7RAGylovC08ORAg== Completed in 2ms
408 timing auditReport:init Completed in 1281ms
409 timing reify:audit Completed in 1634ms
410 timing reify Completed in 2694ms
411 silly ADD
412 timing command:install Completed in 2805ms
413 verbose exit 0
414 timing npm Completed in 3467ms
415 info ok
